Start testing: Apr 09 11:37 Coordinated Universal Time
----------------------------------------------------------
1/24 Testing: tests_cxx_wrappers
1/24 Test: tests_cxx_wrappers
Command: "C:/Users/Administrator/runner/builds/monado/monado/build/tests/tests_cxx_wrappers.exe" "--success"
Directory: C:/Users/Administrator/runner/builds/monado/monado/build/tests
"tests_cxx_wrappers" start time: Apr 09 11:37 Coordinated Universal Time
Output:
----------------------------------------------------------

~~~~~~~~~~~~~~~~~~~~~~~~~~~~~~~~~~~~~~~~~~~~~~~~~~~~~~~~~~~~~~~~~~~~~~~~~~~~~~~
tests_cxx_wrappers.exe is a Catch v2.13.10 host application.
Run with -? for options

-------------------------------------------------------------------------------
unique_xrt_device
-------------------------------------------------------------------------------
C:\Users\Administrator\runner\builds\monado\monado\tests\tests_cxx_wrappers.cpp(31)
...............................................................................

C:\Users\Administrator\runner\builds\monado\monado\tests\tests_cxx_wrappers.cpp(38): PASSED:
  CHECK_FALSE( destroyed )
with expansion:
  !false

C:\Users\Administrator\runner\builds\monado\monado\tests\tests_cxx_wrappers.cpp(42): PASSED:
  CHECK_FALSE( destroyed )
with expansion:
  !false

C:\Users\Administrator\runner\builds\monado\monado\tests\tests_cxx_wrappers.cpp(45): PASSED:
  CHECK( destroyed )
with expansion:
  true

===============================================================================
All tests passed (3 assertions in 1 test case)

<end of output>
Test time =   0.02 sec
----------------------------------------------------------
Test Passed.
"tests_cxx_wrappers" end time: Apr 09 11:37 Coordinated Universal Time
"tests_cxx_wrappers" time elapsed: 00:00:00
----------------------------------------------------------

2/24 Testing: tests_deque
2/24 Test: tests_deque
Command: "C:/Users/Administrator/runner/builds/monado/monado/build/tests/tests_deque.exe" "--success"
Directory: C:/Users/Administrator/runner/builds/monado/monado/build/tests
"tests_deque" start time: Apr 09 11:37 Coordinated Universal Time
Output:
----------------------------------------------------------

~~~~~~~~~~~~~~~~~~~~~~~~~~~~~~~~~~~~~~~~~~~~~~~~~~~~~~~~~~~~~~~~~~~~~~~~~~~~~~~
tests_deque.exe is a Catch v2.13.10 host application.
Run with -? for options

-------------------------------------------------------------------------------
u_deque
  Test interface generated from macros
-------------------------------------------------------------------------------
C:\Users\Administrator\runner\builds\monado\monado\tests\tests_deque.cpp(14)
...............................................................................

C:\Users\Administrator\runner\builds\monado\monado\tests\tests_deque.cpp(17): PASSED:
  CHECK( dt.ptr != 0 )
with expansion:
  0x000001ce1202a3f0 != 0

C:\Users\Administrator\runner\builds\monado\monado\tests\tests_deque.cpp(24): PASSED:
  CHECK( !u_deque_timepoint_ns_pop_front(dt, &elem) )
with expansion:
  true

C:\Users\Administrator\runner\builds\monado\monado\tests\tests_deque.cpp(25): PASSED:
  CHECK( elem == 0 )
with expansion:
  0 == 0

C:\Users\Administrator\runner\builds\monado\monado\tests\tests_deque.cpp(30): PASSED:
  CHECK( u_deque_timepoint_ns_pop_front(dt, &elem) )
with expansion:
  true

C:\Users\Administrator\runner\builds\monado\monado\tests\tests_deque.cpp(31): PASSED:
  CHECK( elem == C )
with expansion:
  33333333 (0x1fca055)
  ==
  33333333 (0x1fca055)

C:\Users\Administrator\runner\builds\monado\monado\tests\tests_deque.cpp(32): PASSED:
  CHECK( u_deque_timepoint_ns_size(dt) == 1 )
with expansion:
  1 == 1

C:\Users\Administrator\runner\builds\monado\monado\tests\tests_deque.cpp(41): PASSED:
  CHECK( a == A )
with expansion:
  11111111 (0xa98ac7) == 11111111 (0xa98ac7)

C:\Users\Administrator\runner\builds\monado\monado\tests\tests_deque.cpp(42): PASSED:
  CHECK( b == B )
with expansion:
  22222222 (0x153158e)
  ==
  22222222 (0x153158e)

C:\Users\Administrator\runner\builds\monado\monado\tests\tests_deque.cpp(43): PASSED:
  CHECK( c == C )
with expansion:
  33333333 (0x1fca055)
  ==
  33333333 (0x1fca055)

C:\Users\Administrator\runner\builds\monado\monado\tests\tests_deque.cpp(45): PASSED:
  CHECK( u_deque_timepoint_ns_size(dt) == 3 )
with expansion:
  3 == 3

C:\Users\Administrator\runner\builds\monado\monado\tests\tests_deque.cpp(47): PASSED:
  CHECK( u_deque_timepoint_ns_pop_front(dt, &elem) )
with expansion:
  true

C:\Users\Administrator\runner\builds\monado\monado\tests\tests_deque.cpp(48): PASSED:
  CHECK( elem == A )
with expansion:
  11111111 (0xa98ac7) == 11111111 (0xa98ac7)

C:\Users\Administrator\runner\builds\monado\monado\tests\tests_deque.cpp(49): PASSED:
  CHECK( u_deque_timepoint_ns_pop_front(dt, &elem) )
with expansion:
  true

C:\Users\Administrator\runner\builds\monado\monado\tests\tests_deque.cpp(50): PASSED:
  CHECK( elem == B )
with expansion:
  22222222 (0x153158e)
  ==
  22222222 (0x153158e)

C:\Users\Administrator\runner\builds\monado\monado\tests\tests_deque.cpp(51): PASSED:
  CHECK( u_deque_timepoint_ns_pop_front(dt, &elem) )
with expansion:
  true

C:\Users\Administrator\runner\builds\monado\monado\tests\tests_deque.cpp(52): PASSED:
  CHECK( elem == C )
with expansion:
  33333333 (0x1fca055)
  ==
  33333333 (0x1fca055)

C:\Users\Administrator\runner\builds\monado\monado\tests\tests_deque.cpp(54): PASSED:
  CHECK( u_deque_timepoint_ns_size(dt) == 0 )
with expansion:
  0 == 0

C:\Users\Administrator\runner\builds\monado\monado\tests\tests_deque.cpp(57): PASSED:
  CHECK( dt.ptr == 0 )
with expansion:
  nullptr == 0

===============================================================================
All tests passed (18 assertions in 1 test case)

<end of output>
Test time =   0.02 sec
----------------------------------------------------------
Test Passed.
"tests_deque" end time: Apr 09 11:37 Coordinated Universal Time
"tests_deque" time elapsed: 00:00:00
----------------------------------------------------------

3/24 Testing: tests_generic_callbacks
3/24 Test: tests_generic_callbacks
Command: "C:/Users/Administrator/runner/builds/monado/monado/build/tests/tests_generic_callbacks.exe" "--success"
Directory: C:/Users/Administrator/runner/builds/monado/monado/build/tests
"tests_generic_callbacks" start time: Apr 09 11:37 Coordinated Universal Time
Output:
----------------------------------------------------------

~~~~~~~~~~~~~~~~~~~~~~~~~~~~~~~~~~~~~~~~~~~~~~~~~~~~~~~~~~~~~~~~~~~~~~~~~~~~~~~
tests_generic_callbacks.exe is a Catch v2.13.10 host application.
Run with -? for options

-------------------------------------------------------------------------------
u_generic_callbacks
  call when empty
-------------------------------------------------------------------------------
C:\Users\Administrator\runner\builds\monado\monado\tests\tests_generic_callbacks.cpp(39)
...............................................................................

C:\Users\Administrator\runner\builds\monado\monado\tests\tests_generic_callbacks.cpp(41): PASSED:
  CHECK( 0 == callbacks.invokeCallbacks(MyEvent::ACQUIRED, invoker) )
with expansion:
  0 == 0

C:\Users\Administrator\runner\builds\monado\monado\tests\tests_generic_callbacks.cpp(42): PASSED:
  CHECK( 0 == callbacks.invokeCallbacks(MyEvent::LOST, invoker) )
with expansion:
  0 == 0

C:\Users\Administrator\runner\builds\monado\monado\tests\tests_generic_callbacks.cpp(43): PASSED:
  CHECK( 0 == callbacks.removeCallback(&increment_userdata_int, (mask_t)MyEvent::LOST, nullptr) )
with expansion:
  0 == 0

-------------------------------------------------------------------------------
u_generic_callbacks
  same function, different mask and userdata
-------------------------------------------------------------------------------
C:\Users\Administrator\runner\builds\monado\monado\tests\tests_generic_callbacks.cpp(45)
...............................................................................

C:\Users\Administrator\runner\builds\monado\monado\tests\tests_generic_callbacks.cpp(49): PASSED:
  REQUIRE_NOTHROW( callbacks.addCallback(increment_userdata_int, (mask_t)MyEvent::ACQUIRED, &numAcquired) )

C:\Users\Administrator\runner\builds\monado\monado\tests\tests_generic_callbacks.cpp(50): PASSED:
  REQUIRE_NOTHROW( callbacks.addCallback(increment_userdata_int, (mask_t)MyEvent::LOST, &numLost) )

-------------------------------------------------------------------------------
u_generic_callbacks
  same function, different mask and userdata
  contains
-------------------------------------------------------------------------------
C:\Users\Administrator\runner\builds\monado\monado\tests\tests_generic_callbacks.cpp(51)
...............................................................................

C:\Users\Administrator\runner\builds\monado\monado\tests\tests_generic_callbacks.cpp(53): PASSED:
  CHECK( callbacks.contains(increment_userdata_int, (mask_t)MyEvent::LOST, &numLost) )
with expansion:
  true

C:\Users\Administrator\runner\builds\monado\monado\tests\tests_generic_callbacks.cpp(54): PASSED:
  CHECK_FALSE( callbacks.contains(increment_userdata_int, (mask_t)MyEvent::LOST, &numAcquired) )
with expansion:
  !false

-------------------------------------------------------------------------------
u_generic_callbacks
  same function, different mask and userdata
-------------------------------------------------------------------------------
C:\Users\Administrator\runner\builds\monado\monado\tests\tests_generic_callbacks.cpp(45)
...............................................................................

C:\Users\Administrator\runner\builds\monado\monado\tests\tests_generic_callbacks.cpp(49): PASSED:
  REQUIRE_NOTHROW( callbacks.addCallback(increment_userdata_int, (mask_t)MyEvent::ACQUIRED, &numAcquired) )

C:\Users\Administrator\runner\builds\monado\monado\tests\tests_generic_callbacks.cpp(50): PASSED:
  REQUIRE_NOTHROW( callbacks.addCallback(increment_userdata_int, (mask_t)MyEvent::LOST, &numLost) )

-------------------------------------------------------------------------------
u_generic_callbacks
  same function, different mask and userdata
  removal matching
-------------------------------------------------------------------------------
C:\Users\Administrator\runner\builds\monado\monado\tests\tests_generic_callbacks.cpp(56)
...............................................................................

C:\Users\Administrator\runner\builds\monado\monado\tests\tests_generic_callbacks.cpp(59): PASSED:
  CHECK( 0 == callbacks.removeCallback(increment_userdata_int, (mask_t)MyEvent::LOST, &numAcquired) )
with expansion:
  0 == 0

C:\Users\Administrator\runner\builds\monado\monado\tests\tests_generic_callbacks.cpp(61): PASSED:
  CHECK( 0 == callbacks.removeCallback(increment_userdata_int, (mask_t)MyEvent::ACQUIRED, &numLost) )
with expansion:
  0 == 0

-------------------------------------------------------------------------------
u_generic_callbacks
  same function, different mask and userdata
-------------------------------------------------------------------------------
C:\Users\Administrator\runner\builds\monado\monado\tests\tests_generic_callbacks.cpp(45)
...............................................................................

C:\Users\Administrator\runner\builds\monado\monado\tests\tests_generic_callbacks.cpp(49): PASSED:
  REQUIRE_NOTHROW( callbacks.addCallback(increment_userdata_int, (mask_t)MyEvent::ACQUIRED, &numAcquired) )

C:\Users\Administrator\runner\builds\monado\monado\tests\tests_generic_callbacks.cpp(50): PASSED:
  REQUIRE_NOTHROW( callbacks.addCallback(increment_userdata_int, (mask_t)MyEvent::LOST, &numLost) )

-------------------------------------------------------------------------------
u_generic_callbacks
  same function, different mask and userdata
  duplicates, contains, and removal
-------------------------------------------------------------------------------
C:\Users\Administrator\runner\builds\monado\monado\tests\tests_generic_callbacks.cpp(63)
...............................................................................

C:\Users\Administrator\runner\builds\monado\monado\tests\tests_generic_callbacks.cpp(65): PASSED:
  REQUIRE( callbacks.contains(increment_userdata_int, (mask_t)MyEvent::ACQUIRED, &numAcquired) )
with expansion:
  true

C:\Users\Administrator\runner\builds\monado\monado\tests\tests_generic_callbacks.cpp(67): PASSED:
  REQUIRE_NOTHROW( callbacks.addCallback(increment_userdata_int, (mask_t)MyEvent::ACQUIRED, &numAcquired) )

C:\Users\Administrator\runner\builds\monado\monado\tests\tests_generic_callbacks.cpp(68): PASSED:
  CHECK( callbacks.contains(increment_userdata_int, (mask_t)MyEvent::ACQUIRED, &numAcquired) )
with expansion:
  true

-------------------------------------------------------------------------------
u_generic_callbacks
  same function, different mask and userdata
  duplicates, contains, and removal
  max_remove
-------------------------------------------------------------------------------
C:\Users\Administrator\runner\builds\monado\monado\tests\tests_generic_callbacks.cpp(70)
...............................................................................

C:\Users\Administrator\runner\builds\monado\monado\tests\tests_generic_callbacks.cpp(73): PASSED:
  CHECK( 0 == callbacks.removeCallback(increment_userdata_int, (mask_t)MyEvent::ACQUIRED, &numAcquired, 0, 0) )
with expansion:
  0 == 0

C:\Users\Administrator\runner\builds\monado\monado\tests\tests_generic_callbacks.cpp(75): PASSED:
  CHECK( callbacks.contains(increment_userdata_int, (mask_t)MyEvent::ACQUIRED, &numAcquired) )
with expansion:
  true

C:\Users\Administrator\runner\builds\monado\monado\tests\tests_generic_callbacks.cpp(78): PASSED:
  CHECK( 1 == callbacks.removeCallback(increment_userdata_int, (mask_t)MyEvent::ACQUIRED, &numAcquired, 0, 1) )
with expansion:
  1 == 1

C:\Users\Administrator\runner\builds\monado\monado\tests\tests_generic_callbacks.cpp(80): PASSED:
  CHECK( callbacks.contains(increment_userdata_int, (mask_t)MyEvent::ACQUIRED, &numAcquired) )
with expansion:
  true

C:\Users\Administrator\runner\builds\monado\monado\tests\tests_generic_callbacks.cpp(84): PASSED:
  CHECK( 1 == callbacks.removeCallback(increment_userdata_int, (mask_t)MyEvent::LOST, &numLost) )
with expansion:
  1 == 1

-------------------------------------------------------------------------------
u_generic_callbacks
  same function, different mask and userdata
-------------------------------------------------------------------------------
C:\Users\Administrator\runner\builds\monado\monado\tests\tests_generic_callbacks.cpp(45)
...............................................................................

C:\Users\Administrator\runner\builds\monado\monado\tests\tests_generic_callbacks.cpp(49): PASSED:
  REQUIRE_NOTHROW( callbacks.addCallback(increment_userdata_int, (mask_t)MyEvent::ACQUIRED, &numAcquired) )

C:\Users\Administrator\runner\builds\monado\monado\tests\tests_generic_callbacks.cpp(50): PASSED:
  REQUIRE_NOTHROW( callbacks.addCallback(increment_userdata_int, (mask_t)MyEvent::LOST, &numLost) )

-------------------------------------------------------------------------------
u_generic_callbacks
  same function, different mask and userdata
  duplicates, contains, and removal
-------------------------------------------------------------------------------
C:\Users\Administrator\runner\builds\monado\monado\tests\tests_generic_callbacks.cpp(63)
...............................................................................

C:\Users\Administrator\runner\builds\monado\monado\tests\tests_generic_callbacks.cpp(65): PASSED:
  REQUIRE( callbacks.contains(increment_userdata_int, (mask_t)MyEvent::ACQUIRED, &numAcquired) )
with expansion:
  true

C:\Users\Administrator\runner\builds\monado\monado\tests\tests_generic_callbacks.cpp(67): PASSED:
  REQUIRE_NOTHROW( callbacks.addCallback(increment_userdata_int, (mask_t)MyEvent::ACQUIRED, &numAcquired) )

C:\Users\Administrator\runner\builds\monado\monado\tests\tests_generic_callbacks.cpp(68): PASSED:
  CHECK( callbacks.contains(increment_userdata_int, (mask_t)MyEvent::ACQUIRED, &numAcquired) )
with expansion:
  true

-------------------------------------------------------------------------------
u_generic_callbacks
  same function, different mask and userdata
  duplicates, contains, and removal
  large max_remove
-------------------------------------------------------------------------------
C:\Users\Administrator\runner\builds\monado\monado\tests\tests_generic_callbacks.cpp(86)
...............................................................................

C:\Users\Administrator\runner\builds\monado\monado\tests\tests_generic_callbacks.cpp(89): PASSED:
  CHECK( 2 == callbacks.removeCallback(increment_userdata_int, (mask_t)MyEvent::ACQUIRED, &numAcquired, 0, 3) )
with expansion:
  2 == 2

C:\Users\Administrator\runner\builds\monado\monado\tests\tests_generic_callbacks.cpp(91): PASSED:
  CHECK_FALSE( callbacks.contains(increment_userdata_int, (mask_t)MyEvent::ACQUIRED, &numAcquired) )
with expansion:
  !false

C:\Users\Administrator\runner\builds\monado\monado\tests\tests_generic_callbacks.cpp(95): PASSED:
  CHECK( 1 == callbacks.removeCallback(increment_userdata_int, (mask_t)MyEvent::LOST, &numLost) )
with expansion:
  1 == 1

-------------------------------------------------------------------------------
u_generic_callbacks
  same function, different mask and userdata
-------------------------------------------------------------------------------
C:\Users\Administrator\runner\builds\monado\monado\tests\tests_generic_callbacks.cpp(45)
...............................................................................

C:\Users\Administrator\runner\builds\monado\monado\tests\tests_generic_callbacks.cpp(49): PASSED:
  REQUIRE_NOTHROW( callbacks.addCallback(increment_userdata_int, (mask_t)MyEvent::ACQUIRED, &numAcquired) )

C:\Users\Administrator\runner\builds\monado\monado\tests\tests_generic_callbacks.cpp(50): PASSED:
  REQUIRE_NOTHROW( callbacks.addCallback(increment_userdata_int, (mask_t)MyEvent::LOST, &numLost) )

-------------------------------------------------------------------------------
u_generic_callbacks
  same function, different mask and userdata
  duplicates, contains, and removal
-------------------------------------------------------------------------------
C:\Users\Administrator\runner\builds\monado\monado\tests\tests_generic_callbacks.cpp(63)
...............................................................................

C:\Users\Administrator\runner\builds\monado\monado\tests\tests_generic_callbacks.cpp(65): PASSED:
  REQUIRE( callbacks.contains(increment_userdata_int, (mask_t)MyEvent::ACQUIRED, &numAcquired) )
with expansion:
  true

C:\Users\Administrator\runner\builds\monado\monado\tests\tests_generic_callbacks.cpp(67): PASSED:
  REQUIRE_NOTHROW( callbacks.addCallback(increment_userdata_int, (mask_t)MyEvent::ACQUIRED, &numAcquired) )

C:\Users\Administrator\runner\builds\monado\monado\tests\tests_generic_callbacks.cpp(68): PASSED:
  CHECK( callbacks.contains(increment_userdata_int, (mask_t)MyEvent::ACQUIRED, &numAcquired) )
with expansion:
  true

-------------------------------------------------------------------------------
u_generic_callbacks
  same function, different mask and userdata
  duplicates, contains, and removal
  num_skip
-------------------------------------------------------------------------------
C:\Users\Administrator\runner\builds\monado\monado\tests\tests_generic_callbacks.cpp(97)
...............................................................................

C:\Users\Administrator\runner\builds\monado\monado\tests\tests_generic_callbacks.cpp(100): PASSED:
  CHECK( 0 == callbacks.removeCallback(increment_userdata_int, (mask_t)MyEvent::ACQUIRED, &numAcquired, 3) )
with expansion:
  0 == 0

C:\Users\Administrator\runner\builds\monado\monado\tests\tests_generic_callbacks.cpp(102): PASSED:
  CHECK( callbacks.contains(increment_userdata_int, (mask_t)MyEvent::ACQUIRED, &numAcquired) )
with expansion:
  true

C:\Users\Administrator\runner\builds\monado\monado\tests\tests_generic_callbacks.cpp(105): PASSED:
  CHECK( 1 == callbacks.removeCallback(increment_userdata_int, (mask_t)MyEvent::ACQUIRED, &numAcquired, 1) )
with expansion:
  1 == 1

C:\Users\Administrator\runner\builds\monado\monado\tests\tests_generic_callbacks.cpp(107): PASSED:
  CHECK( callbacks.contains(increment_userdata_int, (mask_t)MyEvent::ACQUIRED, &numAcquired) )
with expansion:
  true

C:\Users\Administrator\runner\builds\monado\monado\tests\tests_generic_callbacks.cpp(111): PASSED:
  CHECK( 1 == callbacks.removeCallback(increment_userdata_int, (mask_t)MyEvent::LOST, &numLost) )
with expansion:
  1 == 1

-------------------------------------------------------------------------------
u_generic_callbacks
  same function, different mask and userdata
-------------------------------------------------------------------------------
C:\Users\Administrator\runner\builds\monado\monado\tests\tests_generic_callbacks.cpp(45)
...............................................................................

C:\Users\Administrator\runner\builds\monado\monado\tests\tests_generic_callbacks.cpp(49): PASSED:
  REQUIRE_NOTHROW( callbacks.addCallback(increment_userdata_int, (mask_t)MyEvent::ACQUIRED, &numAcquired) )

C:\Users\Administrator\runner\builds\monado\monado\tests\tests_generic_callbacks.cpp(50): PASSED:
  REQUIRE_NOTHROW( callbacks.addCallback(increment_userdata_int, (mask_t)MyEvent::LOST, &numLost) )

-------------------------------------------------------------------------------
u_generic_callbacks
  same function, different mask and userdata
  duplicates, contains, and removal
-------------------------------------------------------------------------------
C:\Users\Administrator\runner\builds\monado\monado\tests\tests_generic_callbacks.cpp(63)
...............................................................................

C:\Users\Administrator\runner\builds\monado\monado\tests\tests_generic_callbacks.cpp(65): PASSED:
  REQUIRE( callbacks.contains(increment_userdata_int, (mask_t)MyEvent::ACQUIRED, &numAcquired) )
with expansion:
  true

C:\Users\Administrator\runner\builds\monado\monado\tests\tests_generic_callbacks.cpp(67): PASSED:
  REQUIRE_NOTHROW( callbacks.addCallback(increment_userdata_int, (mask_t)MyEvent::ACQUIRED, &numAcquired) )

C:\Users\Administrator\runner\builds\monado\monado\tests\tests_generic_callbacks.cpp(68): PASSED:
  CHECK( callbacks.contains(increment_userdata_int, (mask_t)MyEvent::ACQUIRED, &numAcquired) )
with expansion:
  true

-------------------------------------------------------------------------------
u_generic_callbacks
  same function, different mask and userdata
  duplicates, contains, and removal
  invoke acquired
-------------------------------------------------------------------------------
C:\Users\Administrator\runner\builds\monado\monado\tests\tests_generic_callbacks.cpp(113)
...............................................................................

C:\Users\Administrator\runner\builds\monado\monado\tests\tests_generic_callbacks.cpp(115): PASSED:
  CHECK( 2 == callbacks.invokeCallbacks(MyEvent::ACQUIRED, invoker) )
with expansion:
  2 == 2

C:\Users\Administrator\runner\builds\monado\monado\tests\tests_generic_callbacks.cpp(116): PASSED:
  CHECK( 2 == numAcquired )
with expansion:
  2 == 2

C:\Users\Administrator\runner\builds\monado\monado\tests\tests_generic_callbacks.cpp(117): PASSED:
  CHECK( 0 == numLost )
with expansion:
  0 == 0

C:\Users\Administrator\runner\builds\monado\monado\tests\tests_generic_callbacks.cpp(121): PASSED:
  CHECK_FALSE( callbacks.contains(increment_userdata_int, (mask_t)MyEvent::ACQUIRED, &numAcquired) )
with expansion:
  !false
with message:
  should have removed themselves

C:\Users\Administrator\runner\builds\monado\monado\tests\tests_generic_callbacks.cpp(127): PASSED:
  CHECK( callbacks.contains(increment_userdata_int, (mask_t)MyEvent::LOST, &numLost) )
with expansion:
  true
with message:
  LOST callbacks should still be there

C:\Users\Administrator\runner\builds\monado\monado\tests\tests_generic_callbacks.cpp(129): PASSED:
  CHECK( 1 == callbacks.removeCallback(increment_userdata_int, (mask_t)MyEvent::LOST, &numLost) )
with expansion:
  1 == 1
with message:
  LOST callbacks should still be there

-------------------------------------------------------------------------------
u_generic_callbacks
  same function, different mask and userdata
-------------------------------------------------------------------------------
C:\Users\Administrator\runner\builds\monado\monado\tests\tests_generic_callbacks.cpp(45)
...............................................................................

C:\Users\Administrator\runner\builds\monado\monado\tests\tests_generic_callbacks.cpp(49): PASSED:
  REQUIRE_NOTHROW( callbacks.addCallback(increment_userdata_int, (mask_t)MyEvent::ACQUIRED, &numAcquired) )

C:\Users\Administrator\runner\builds\monado\monado\tests\tests_generic_callbacks.cpp(50): PASSED:
  REQUIRE_NOTHROW( callbacks.addCallback(increment_userdata_int, (mask_t)MyEvent::LOST, &numLost) )

-------------------------------------------------------------------------------
u_generic_callbacks
  same function, different mask and userdata
  duplicates, contains, and removal
-------------------------------------------------------------------------------
C:\Users\Administrator\runner\builds\monado\monado\tests\tests_generic_callbacks.cpp(63)
...............................................................................

C:\Users\Administrator\runner\builds\monado\monado\tests\tests_generic_callbacks.cpp(65): PASSED:
  REQUIRE( callbacks.contains(increment_userdata_int, (mask_t)MyEvent::ACQUIRED, &numAcquired) )
with expansion:
  true

C:\Users\Administrator\runner\builds\monado\monado\tests\tests_generic_callbacks.cpp(67): PASSED:
  REQUIRE_NOTHROW( callbacks.addCallback(increment_userdata_int, (mask_t)MyEvent::ACQUIRED, &numAcquired) )

C:\Users\Administrator\runner\builds\monado\monado\tests\tests_generic_callbacks.cpp(68): PASSED:
  CHECK( callbacks.contains(increment_userdata_int, (mask_t)MyEvent::ACQUIRED, &numAcquired) )
with expansion:
  true

-------------------------------------------------------------------------------
u_generic_callbacks
  same function, different mask and userdata
  duplicates, contains, and removal
  invoke lost
-------------------------------------------------------------------------------
C:\Users\Administrator\runner\builds\monado\monado\tests\tests_generic_callbacks.cpp(132)
...............................................................................

C:\Users\Administrator\runner\builds\monado\monado\tests\tests_generic_callbacks.cpp(134): PASSED:
  CHECK( 1 == callbacks.invokeCallbacks(MyEvent::LOST, invoker) )
with expansion:
  1 == 1

C:\Users\Administrator\runner\builds\monado\monado\tests\tests_generic_callbacks.cpp(135): PASSED:
  CHECK( 0 == numAcquired )
with expansion:
  0 == 0

C:\Users\Administrator\runner\builds\monado\monado\tests\tests_generic_callbacks.cpp(136): PASSED:
  CHECK( 1 == numLost )
with expansion:
  1 == 1

C:\Users\Administrator\runner\builds\monado\monado\tests\tests_generic_callbacks.cpp(140): PASSED:
  CHECK_FALSE( callbacks.contains(increment_userdata_int, (mask_t)MyEvent::LOST, &numLost) )
with expansion:
  !false
with message:
  should have removed themselves

C:\Users\Administrator\runner\builds\monado\monado\tests\tests_generic_callbacks.cpp(146): PASSED:
  CHECK( callbacks.contains(increment_userdata_int, (mask_t)MyEvent::ACQUIRED, &numAcquired) )
with expansion:
  true
with message:
  ACQUIRED callbacks should still be there

C:\Users\Administrator\runner\builds\monado\monado\tests\tests_generic_callbacks.cpp(148): PASSED:
  CHECK( 2 == callbacks.removeCallback(increment_userdata_int, (mask_t)MyEvent::ACQUIRED, &numAcquired) )
with expansion:
  2 == 2
with message:
  ACQUIRED callbacks should still be there

===============================================================================
All tests passed (61 assertions in 2 test cases)

<end of output>
Test time =   0.02 sec
----------------------------------------------------------
Test Passed.
"tests_generic_callbacks" end time: Apr 09 11:37 Coordinated Universal Time
"tests_generic_callbacks" time elapsed: 00:00:00
----------------------------------------------------------

4/24 Testing: tests_history_buf
4/24 Test: tests_history_buf
Command: "C:/Users/Administrator/runner/builds/monado/monado/build/tests/tests_history_buf.exe" "--success"
Directory: C:/Users/Administrator/runner/builds/monado/monado/build/tests
"tests_history_buf" start time: Apr 09 11:37 Coordinated Universal Time
Output:
----------------------------------------------------------

~~~~~~~~~~~~~~~~~~~~~~~~~~~~~~~~~~~~~~~~~~~~~~~~~~~~~~~~~~~~~~~~~~~~~~~~~~~~~~~
tests_history_buf.exe is a Catch v2.13.10 host application.
Run with -? for options

-------------------------------------------------------------------------------
m_relation_history
  empty buffer
-------------------------------------------------------------------------------
C:\Users\Administrator\runner\builds\monado\monado\tests\tests_history_buf.cpp(35)
...............................................................................

C:\Users\Administrator\runner\builds\monado\monado\tests\tests_history_buf.cpp(38): PASSED:
  CHECK( m_relation_history_get(rh, 0, &out_relation) == M_RELATION_HISTORY_RESULT_INVALID )
with expansion:
  0 == 0

C:\Users\Administrator\runner\builds\monado\monado\tests\tests_history_buf.cpp(39): PASSED:
  CHECK( m_relation_history_get(rh, 1, &out_relation) == M_RELATION_HISTORY_RESULT_INVALID )
with expansion:
  0 == 0

-------------------------------------------------------------------------------
m_relation_history
  populated buffer
-------------------------------------------------------------------------------
C:\Users\Administrator\runner\builds\monado\monado\tests\tests_history_buf.cpp(41)
...............................................................................

C:\Users\Administrator\runner\builds\monado\monado\tests\tests_history_buf.cpp(62): PASSED:
  CHECK( m_relation_history_get_size(rh) == 0 )
with expansion:
  0 == 0

C:\Users\Administrator\runner\builds\monado\monado\tests\tests_history_buf.cpp(63): PASSED:
  CHECK_FALSE( m_relation_history_get_latest(rh, &out_time, &out_relation) )
with expansion:
  !false

C:\Users\Administrator\runner\builds\monado\monado\tests\tests_history_buf.cpp(66): PASSED:
  CHECK( m_relation_history_push(rh, &relation, T0) )
with expansion:
  true

C:\Users\Administrator\runner\builds\monado\monado\tests\tests_history_buf.cpp(67): PASSED:
  CHECK( m_relation_history_get_size(rh) == 1 )
with expansion:
  1 == 1

C:\Users\Administrator\runner\builds\monado\monado\tests\tests_history_buf.cpp(68): PASSED:
  CHECK( m_relation_history_get_latest(rh, &out_time, &out_relation) )
with expansion:
  true

C:\Users\Administrator\runner\builds\monado\monado\tests\tests_history_buf.cpp(69): PASSED:
  CHECK( out_time == T0 )
with expansion:
  20000000000 (0x4a817c800)
  ==
  20000000000 (0x4a817c800)

C:\Users\Administrator\runner\builds\monado\monado\tests\tests_history_buf.cpp(72): PASSED:
  CHECK( m_relation_history_push(rh, &relation, T1) )
with expansion:
  true

C:\Users\Administrator\runner\builds\monado\monado\tests\tests_history_buf.cpp(73): PASSED:
  CHECK( m_relation_history_get_size(rh) == 2 )
with expansion:
  2 == 2

C:\Users\Administrator\runner\builds\monado\monado\tests\tests_history_buf.cpp(74): PASSED:
  CHECK( m_relation_history_get_latest(rh, &out_time, &out_relation) )
with expansion:
  true

C:\Users\Administrator\runner\builds\monado\monado\tests\tests_history_buf.cpp(75): PASSED:
  CHECK( out_time == T1 )
with expansion:
  21000000000 (0x4e3b29200)
  ==
  21000000000 (0x4e3b29200)

C:\Users\Administrator\runner\builds\monado\monado\tests\tests_history_buf.cpp(78): PASSED:
  CHECK( m_relation_history_push(rh, &relation, T2) )
with expansion:
  true

C:\Users\Administrator\runner\builds\monado\monado\tests\tests_history_buf.cpp(79): PASSED:
  CHECK( m_relation_history_get_size(rh) == 3 )
with expansion:
  3 == 3

C:\Users\Administrator\runner\builds\monado\monado\tests\tests_history_buf.cpp(80): PASSED:
  CHECK( m_relation_history_get_latest(rh, &out_time, &out_relation) )
with expansion:
  true

C:\Users\Administrator\runner\builds\monado\monado\tests\tests_history_buf.cpp(81): PASSED:
  CHECK( out_time == T2 )
with expansion:
  22000000000 (0x51f4d5c00)
  ==
  22000000000 (0x51f4d5c00)

C:\Users\Administrator\runner\builds\monado\monado\tests\tests_history_buf.cpp(84): PASSED:
  CHECK_FALSE( m_relation_history_push(rh, &relation, T1) )
with expansion:
  !false

C:\Users\Administrator\runner\builds\monado\monado\tests\tests_history_buf.cpp(85): PASSED:
  CHECK( m_relation_history_get_size(rh) == 3 )
with expansion:
  3 == 3

C:\Users\Administrator\runner\builds\monado\monado\tests\tests_history_buf.cpp(86): PASSED:
  CHECK( m_relation_history_get_latest(rh, &out_time, &out_relation) )
with expansion:
  true

C:\Users\Administrator\runner\builds\monado\monado\tests\tests_history_buf.cpp(87): PASSED:
  CHECK( out_time == T2 )
with expansion:
  22000000000 (0x51f4d5c00)
  ==
  22000000000 (0x51f4d5c00)

C:\Users\Administrator\runner\builds\monado\monado\tests\tests_history_buf.cpp(89): PASSED:
  CHECK( m_relation_history_get(rh, 0, &out_relation) == M_RELATION_HISTORY_RESULT_INVALID )
with expansion:
  0 == 0

C:\Users\Administrator\runner\builds\monado\monado\tests\tests_history_buf.cpp(91): PASSED:
  CHECK( m_relation_history_get(rh, T0, &out_relation) == M_RELATION_HISTORY_RESULT_EXACT )
with expansion:
  1 == 1

C:\Users\Administrator\runner\builds\monado\monado\tests\tests_history_buf.cpp(92): PASSED:
  CHECK( out_relation.pose.position.x == 0.f )
with expansion:
  0.0f == 0.0f

C:\Users\Administrator\runner\builds\monado\monado\tests\tests_history_buf.cpp(94): PASSED:
  CHECK( m_relation_history_get(rh, T1, &out_relation) == M_RELATION_HISTORY_RESULT_EXACT )
with expansion:
  1 == 1

C:\Users\Administrator\runner\builds\monado\monado\tests\tests_history_buf.cpp(95): PASSED:
  CHECK( out_relation.pose.position.x == 1.f )
with expansion:
  1.0f == 1.0f

C:\Users\Administrator\runner\builds\monado\monado\tests\tests_history_buf.cpp(97): PASSED:
  CHECK( m_relation_history_get(rh, T2, &out_relation) == M_RELATION_HISTORY_RESULT_EXACT )
with expansion:
  1 == 1

C:\Users\Administrator\runner\builds\monado\monado\tests\tests_history_buf.cpp(98): PASSED:
  CHECK( out_relation.pose.position.x == 2.f )
with expansion:
  2.0f == 2.0f

C:\Users\Administrator\runner\builds\monado\monado\tests\tests_history_buf.cpp(102): PASSED:
  CHECK( m_relation_history_get(rh, T0 - (uint64_t)(1000 * 1000 * 1000), &out_relation) == M_RELATION_HISTORY_RESULT_REVERSE_PREDICTED )
with expansion:
  4 == 4

C:\Users\Administrator\runner\builds\monado\monado\tests\tests_history_buf.cpp(103): PASSED:
  CHECK( out_relation.pose.position.x < 0.f )
with expansion:
  -1.0f < 0.0f

C:\Users\Administrator\runner\builds\monado\monado\tests\tests_history_buf.cpp(106): PASSED:
  CHECK( m_relation_history_get(rh, (T0 + T1) / 2, &out_relation) == M_RELATION_HISTORY_RESULT_INTERPOLATED )
with expansion:
  2 == 2

C:\Users\Administrator\runner\builds\monado\monado\tests\tests_history_buf.cpp(107): PASSED:
  CHECK( out_relation.pose.position.x > 0.f )
with expansion:
  0.5f > 0.0f

C:\Users\Administrator\runner\builds\monado\monado\tests\tests_history_buf.cpp(108): PASSED:
  CHECK( out_relation.pose.position.x < 1.f )
with expansion:
  0.5f < 1.0f

C:\Users\Administrator\runner\builds\monado\monado\tests\tests_history_buf.cpp(111): PASSED:
  CHECK( m_relation_history_get(rh, (T1 + T2) / 2, &out_relation) == M_RELATION_HISTORY_RESULT_INTERPOLATED )
with expansion:
  2 == 2

C:\Users\Administrator\runner\builds\monado\monado\tests\tests_history_buf.cpp(112): PASSED:
  CHECK( out_relation.pose.position.x > 1.f )
with expansion:
  1.5f > 1.0f

C:\Users\Administrator\runner\builds\monado\monado\tests\tests_history_buf.cpp(113): PASSED:
  CHECK( out_relation.pose.position.x < 2.f )
with expansion:
  1.5f < 2.0f

C:\Users\Administrator\runner\builds\monado\monado\tests\tests_history_buf.cpp(116): PASSED:
  CHECK( m_relation_history_get(rh, T2 + (uint64_t)(1000 * 1000 * 1000), &out_relation) == M_RELATION_HISTORY_RESULT_PREDICTED )
with expansion:
  3 == 3

C:\Users\Administrator\runner\builds\monado\monado\tests\tests_history_buf.cpp(117): PASSED:
  CHECK( out_relation.pose.position.x > 2.f )
with expansion:
  3.0f > 2.0f

-------------------------------------------------------------------------------
RelationHistory
  empty buffer
-------------------------------------------------------------------------------
C:\Users\Administrator\runner\builds\monado\monado\tests\tests_history_buf.cpp(130)
...............................................................................

C:\Users\Administrator\runner\builds\monado\monado\tests\tests_history_buf.cpp(133): PASSED:
  CHECK( rh.get(0, &out_relation) == M_RELATION_HISTORY_RESULT_INVALID )
with expansion:
  0 == 0

C:\Users\Administrator\runner\builds\monado\monado\tests\tests_history_buf.cpp(134): PASSED:
  CHECK( rh.get(1, &out_relation) == M_RELATION_HISTORY_RESULT_INVALID )
with expansion:
  0 == 0

-------------------------------------------------------------------------------
RelationHistory
  populated buffer
-------------------------------------------------------------------------------
C:\Users\Administrator\runner\builds\monado\monado\tests\tests_history_buf.cpp(136)
...............................................................................

C:\Users\Administrator\runner\builds\monado\monado\tests\tests_history_buf.cpp(157): PASSED:
  CHECK( rh.size() == 0 )
with expansion:
  0 == 0

C:\Users\Administrator\runner\builds\monado\monado\tests\tests_history_buf.cpp(158): PASSED:
  CHECK_FALSE( rh.get_latest(&out_time, &out_relation) )
with expansion:
  !false

C:\Users\Administrator\runner\builds\monado\monado\tests\tests_history_buf.cpp(161): PASSED:
  CHECK( rh.push(relation, T0) )
with expansion:
  true

C:\Users\Administrator\runner\builds\monado\monado\tests\tests_history_buf.cpp(162): PASSED:
  CHECK( rh.size() == 1 )
with expansion:
  1 == 1

C:\Users\Administrator\runner\builds\monado\monado\tests\tests_history_buf.cpp(163): PASSED:
  CHECK( rh.get_latest(&out_time, &out_relation) )
with expansion:
  true

C:\Users\Administrator\runner\builds\monado\monado\tests\tests_history_buf.cpp(164): PASSED:
  CHECK( out_time == T0 )
with expansion:
  20000000000 (0x4a817c800)
  ==
  20000000000 (0x4a817c800)

C:\Users\Administrator\runner\builds\monado\monado\tests\tests_history_buf.cpp(167): PASSED:
  CHECK( rh.push(relation, T1) )
with expansion:
  true

C:\Users\Administrator\runner\builds\monado\monado\tests\tests_history_buf.cpp(168): PASSED:
  CHECK( rh.size() == 2 )
with expansion:
  2 == 2

C:\Users\Administrator\runner\builds\monado\monado\tests\tests_history_buf.cpp(169): PASSED:
  CHECK( rh.get_latest(&out_time, &out_relation) )
with expansion:
  true

C:\Users\Administrator\runner\builds\monado\monado\tests\tests_history_buf.cpp(170): PASSED:
  CHECK( out_time == T1 )
with expansion:
  21000000000 (0x4e3b29200)
  ==
  21000000000 (0x4e3b29200)

C:\Users\Administrator\runner\builds\monado\monado\tests\tests_history_buf.cpp(173): PASSED:
  CHECK( rh.push(relation, T2) )
with expansion:
  true

C:\Users\Administrator\runner\builds\monado\monado\tests\tests_history_buf.cpp(174): PASSED:
  CHECK( rh.size() == 3 )
with expansion:
  3 == 3

C:\Users\Administrator\runner\builds\monado\monado\tests\tests_history_buf.cpp(175): PASSED:
  CHECK( rh.get_latest(&out_time, &out_relation) )
with expansion:
  true

C:\Users\Administrator\runner\builds\monado\monado\tests\tests_history_buf.cpp(176): PASSED:
  CHECK( out_time == T2 )
with expansion:
  22000000000 (0x51f4d5c00)
  ==
  22000000000 (0x51f4d5c00)

C:\Users\Administrator\runner\builds\monado\monado\tests\tests_history_buf.cpp(179): PASSED:
  CHECK_FALSE( rh.push(relation, T1) )
with expansion:
  !false

C:\Users\Administrator\runner\builds\monado\monado\tests\tests_history_buf.cpp(180): PASSED:
  CHECK( rh.size() == 3 )
with expansion:
  3 == 3

C:\Users\Administrator\runner\builds\monado\monado\tests\tests_history_buf.cpp(181): PASSED:
  CHECK( rh.get_latest(&out_time, &out_relation) )
with expansion:
  true

C:\Users\Administrator\runner\builds\monado\monado\tests\tests_history_buf.cpp(182): PASSED:
  CHECK( out_time == T2 )
with expansion:
  22000000000 (0x51f4d5c00)
  ==
  22000000000 (0x51f4d5c00)

C:\Users\Administrator\runner\builds\monado\monado\tests\tests_history_buf.cpp(184): PASSED:
  CHECK( rh.get(0, &out_relation) == M_RELATION_HISTORY_RESULT_INVALID )
with expansion:
  0 == 0

C:\Users\Administrator\runner\builds\monado\monado\tests\tests_history_buf.cpp(186): PASSED:
  CHECK( rh.get(T0, &out_relation) == M_RELATION_HISTORY_RESULT_EXACT )
with expansion:
  1 == 1

C:\Users\Administrator\runner\builds\monado\monado\tests\tests_history_buf.cpp(187): PASSED:
  CHECK( out_relation.pose.position.x == 0.f )
with expansion:
  0.0f == 0.0f

C:\Users\Administrator\runner\builds\monado\monado\tests\tests_history_buf.cpp(189): PASSED:
  CHECK( rh.get(T1, &out_relation) == M_RELATION_HISTORY_RESULT_EXACT )
with expansion:
  1 == 1

C:\Users\Administrator\runner\builds\monado\monado\tests\tests_history_buf.cpp(190): PASSED:
  CHECK( out_relation.pose.position.x == 1.f )
with expansion:
  1.0f == 1.0f

C:\Users\Administrator\runner\builds\monado\monado\tests\tests_history_buf.cpp(192): PASSED:
  CHECK( rh.get(T2, &out_relation) == M_RELATION_HISTORY_RESULT_EXACT )
with expansion:
  1 == 1

C:\Users\Administrator\runner\builds\monado\monado\tests\tests_history_buf.cpp(193): PASSED:
  CHECK( out_relation.pose.position.x == 2.f )
with expansion:
  2.0f == 2.0f

C:\Users\Administrator\runner\builds\monado\monado\tests\tests_history_buf.cpp(197): PASSED:
  CHECK( rh.get(T0 - (uint64_t)(1000 * 1000 * 1000), &out_relation) == M_RELATION_HISTORY_RESULT_REVERSE_PREDICTED )
with expansion:
  4 == 4

C:\Users\Administrator\runner\builds\monado\monado\tests\tests_history_buf.cpp(198): PASSED:
  CHECK( out_relation.pose.position.x < 0.f )
with expansion:
  -1.0f < 0.0f

C:\Users\Administrator\runner\builds\monado\monado\tests\tests_history_buf.cpp(200): PASSED:
  CHECK( rh.get((T0 + T1) / 2, &out_relation) == M_RELATION_HISTORY_RESULT_INTERPOLATED )
with expansion:
  2 == 2

C:\Users\Administrator\runner\builds\monado\monado\tests\tests_history_buf.cpp(201): PASSED:
  CHECK( out_relation.pose.position.x > 0.f )
with expansion:
  0.5f > 0.0f

C:\Users\Administrator\runner\builds\monado\monado\tests\tests_history_buf.cpp(202): PASSED:
  CHECK( out_relation.pose.position.x < 1.f )
with expansion:
  0.5f < 1.0f

C:\Users\Administrator\runner\builds\monado\monado\tests\tests_history_buf.cpp(204): PASSED:
  CHECK( rh.get((T1 + T2) / 2, &out_relation) == M_RELATION_HISTORY_RESULT_INTERPOLATED )
with expansion:
  2 == 2

C:\Users\Administrator\runner\builds\monado\monado\tests\tests_history_buf.cpp(205): PASSED:
  CHECK( out_relation.pose.position.x > 1.f )
with expansion:
  1.5f > 1.0f

C:\Users\Administrator\runner\builds\monado\monado\tests\tests_history_buf.cpp(206): PASSED:
  CHECK( out_relation.pose.position.x < 2.f )
with expansion:
  1.5f < 2.0f

C:\Users\Administrator\runner\builds\monado\monado\tests\tests_history_buf.cpp(208): PASSED:
  CHECK( rh.get(T2 + (uint64_t)(1000 * 1000 * 1000), &out_relation) == M_RELATION_HISTORY_RESULT_PREDICTED )
with expansion:
  3 == 3

C:\Users\Administrator\runner\builds\monado\monado\tests\tests_history_buf.cpp(209): PASSED:
  CHECK( out_relation.pose.position.x > 2.f )
with expansion:
  3.0f > 2.0f

-------------------------------------------------------------------------------
u_template_historybuf
  behavior when empty
-------------------------------------------------------------------------------
C:\Users\Administrator\runner\builds\monado\monado\tests\tests_history_buf.cpp(216)
...............................................................................

C:\Users\Administrator\runner\builds\monado\monado\tests\tests_history_buf.cpp(218): PASSED:
  CHECK( buffer.empty() )
with expansion:
  true

C:\Users\Administrator\runner\builds\monado\monado\tests\tests_history_buf.cpp(219): PASSED:
  CHECK( 0 == buffer.size() )
with expansion:
  0 == 0

C:\Users\Administrator\runner\builds\monado\monado\tests\tests_history_buf.cpp(220): PASSED:
  CHECK_FALSE( buffer.begin().valid() )
with expansion:
  !false

C:\Users\Administrator\runner\builds\monado\monado\tests\tests_history_buf.cpp(221): PASSED:
  CHECK_FALSE( buffer.end().valid() )
with expansion:
  !false

C:\Users\Administrator\runner\builds\monado\monado\tests\tests_history_buf.cpp(222): PASSED:
  CHECK( buffer.begin() == buffer.end() )
with expansion:
  Iterator@[0] == Iterator@[0]

C:\Users\Administrator\runner\builds\monado\monado\tests\tests_history_buf.cpp(225): PASSED:
  REQUIRE_FALSE( buffer.pop_back() )
with expansion:
  !false
with message:
  Check after pop_back

C:\Users\Administrator\runner\builds\monado\monado\tests\tests_history_buf.cpp(226): PASSED:
  CHECK( buffer.empty() )
with expansion:
  true
with message:
  Check after pop_back

-------------------------------------------------------------------------------
u_template_historybuf
  behavior with one
-------------------------------------------------------------------------------
C:\Users\Administrator\runner\builds\monado\monado\tests\tests_history_buf.cpp(229)
...............................................................................

C:\Users\Administrator\runner\builds\monado\monado\tests\tests_history_buf.cpp(232): PASSED:
  CHECK_FALSE( buffer.empty() )
with expansion:
  !false

C:\Users\Administrator\runner\builds\monado\monado\tests\tests_history_buf.cpp(233): PASSED:
  CHECK( buffer.size() == 1 )
with expansion:
  1 == 1

C:\Users\Administrator\runner\builds\monado\monado\tests\tests_history_buf.cpp(236): PASSED:
  CHECK( buffer.begin().valid() )
with expansion:
  true

C:\Users\Administrator\runner\builds\monado\monado\tests\tests_history_buf.cpp(237): PASSED:
  CHECK_FALSE( buffer.end().valid() )
with expansion:
  !false

C:\Users\Administrator\runner\builds\monado\monado\tests\tests_history_buf.cpp(238): PASSED:
  CHECK_FALSE( buffer.begin() == buffer.end() )
with expansion:
  !(Iterator@[0] == Iterator@[1])

C:\Users\Administrator\runner\builds\monado\monado\tests\tests_history_buf.cpp(243): PASSED:
  CHECK_FALSE( it.valid() )
with expansion:
  !false

C:\Users\Administrator\runner\builds\monado\monado\tests\tests_history_buf.cpp(245): PASSED:
  CHECK_FALSE( it.valid() )
with expansion:
  !false

C:\Users\Administrator\runner\builds\monado\monado\tests\tests_history_buf.cpp(247): PASSED:
  CHECK( buffer.begin() == buffer.cbegin() )
with expansion:
  Iterator@[0] == Iterator@[0]

C:\Users\Administrator\runner\builds\monado\monado\tests\tests_history_buf.cpp(248): PASSED:
  CHECK( buffer.end() == buffer.cend() )
with expansion:
  Iterator@[1] == Iterator@[1]

C:\Users\Administrator\runner\builds\monado\monado\tests\tests_history_buf.cpp(251): PASSED:
  CHECK( buffer.begin() == --(buffer.end()) )
with expansion:
  Iterator@[0] == Iterator@[0]

C:\Users\Administrator\runner\builds\monado\monado\tests\tests_history_buf.cpp(254): PASSED:
  CHECK_FALSE( buffer.begin() == (buffer.end())-- )
with expansion:
  !(Iterator@[0] == Iterator@[1])

C:\Users\Administrator\runner\builds\monado\monado\tests\tests_history_buf.cpp(257): PASSED:
  CHECK( buffer.begin() == buffer.begin()++ )
with expansion:
  Iterator@[0] == Iterator@[0]

C:\Users\Administrator\runner\builds\monado\monado\tests\tests_history_buf.cpp(260): PASSED:
  CHECK_FALSE( buffer.begin() == ++(buffer.begin()) )
with expansion:
  !(Iterator@[0] == Iterator@[1])

C:\Users\Administrator\runner\builds\monado\monado\tests\tests_history_buf.cpp(264): PASSED:
  CHECK_NOTHROW( buffer.get_at_index(0) )

C:\Users\Administrator\runner\builds\monado\monado\tests\tests_history_buf.cpp(265): PASSED:
  CHECK_FALSE( buffer.get_at_index(0) == nullptr )
with expansion:
  !(0x000000e2318fe8e4 == nullptr)

C:\Users\Administrator\runner\builds\monado\monado\tests\tests_history_buf.cpp(266): PASSED:
  CHECK( *buffer.get_at_index(0) == 0 )
with expansion:
  0 == 0

C:\Users\Administrator\runner\builds\monado\monado\tests\tests_history_buf.cpp(268): PASSED:
  CHECK_FALSE( buffer.get_at_age(0) == nullptr )
with expansion:
  !(0x000000e2318fe8e4 == nullptr)

C:\Users\Administrator\runner\builds\monado\monado\tests\tests_history_buf.cpp(269): PASSED:
  CHECK( *buffer.get_at_age(0) == 0 )
with expansion:
  0 == 0

C:\Users\Administrator\runner\builds\monado\monado\tests\tests_history_buf.cpp(270): PASSED:
  CHECK_FALSE( buffer.get_at_clamped_age(0) == nullptr )
with expansion:
  !(0x000000e2318fe8e4 == nullptr)

C:\Users\Administrator\runner\builds\monado\monado\tests\tests_history_buf.cpp(271): PASSED:
  CHECK( *buffer.get_at_clamped_age(0) == 0 )
with expansion:
  0 == 0

C:\Users\Administrator\runner\builds\monado\monado\tests\tests_history_buf.cpp(273): PASSED:
  CHECK( buffer.get_at_age(1) == nullptr )
with expansion:
  nullptr == nullptr

C:\Users\Administrator\runner\builds\monado\monado\tests\tests_history_buf.cpp(275): PASSED:
  CHECK_FALSE( buffer.get_at_clamped_age(1) == nullptr )
with expansion:
  !(0x000000e2318fe8e4 == nullptr)

C:\Users\Administrator\runner\builds\monado\monado\tests\tests_history_buf.cpp(276): PASSED:
  CHECK( *buffer.get_at_clamped_age(1) == 0 )
with expansion:
  0 == 0

C:\Users\Administrator\runner\builds\monado\monado\tests\tests_history_buf.cpp(278): PASSED:
  CHECK_FALSE( buffer.get_at_clamped_age(2) == nullptr )
with expansion:
  !(0x000000e2318fe8e4 == nullptr)

C:\Users\Administrator\runner\builds\monado\monado\tests\tests_history_buf.cpp(279): PASSED:
  CHECK( *buffer.get_at_clamped_age(2) == 0 )
with expansion:
  0 == 0

C:\Users\Administrator\runner\builds\monado\monado\tests\tests_history_buf.cpp(281): PASSED:
  CHECK_NOTHROW( buffer.front() )

C:\Users\Administrator\runner\builds\monado\monado\tests\tests_history_buf.cpp(282): PASSED:
  CHECK( buffer.front() == 0 )
with expansion:
  0 == 0

C:\Users\Administrator\runner\builds\monado\monado\tests\tests_history_buf.cpp(284): PASSED:
  CHECK_NOTHROW( buffer.back() )

C:\Users\Administrator\runner\builds\monado\monado\tests\tests_history_buf.cpp(285): PASSED:
  CHECK( buffer.back() == 0 )
with expansion:
  0 == 0

C:\Users\Administrator\runner\builds\monado\monado\tests\tests_history_buf.cpp(287): PASSED:
  CHECK( *buffer.begin() == buffer.front() )
with expansion:
  0 == 0

C:\Users\Administrator\runner\builds\monado\monado\tests\tests_history_buf.cpp(291): PASSED:
  REQUIRE( buffer.pop_back() )
with expansion:
  true
with message:
  Check after pop_back

C:\Users\Administrator\runner\builds\monado\monado\tests\tests_history_buf.cpp(292): PASSED:
  CHECK( buffer.size() == 0 )
with expansion:
  0 == 0
with message:
  Check after pop_back

C:\Users\Administrator\runner\builds\monado\monado\tests\tests_history_buf.cpp(294): PASSED:
  REQUIRE_FALSE( buffer.pop_back() )
with expansion:
  !false
with message:
  Check after pop_back

-------------------------------------------------------------------------------
u_template_historybuf
  behavior with two
-------------------------------------------------------------------------------
C:\Users\Administrator\runner\builds\monado\monado\tests\tests_history_buf.cpp(298)
...............................................................................

C:\Users\Administrator\runner\builds\monado\monado\tests\tests_history_buf.cpp(302): PASSED:
  CHECK_FALSE( buffer.empty() )
with expansion:
  !false

C:\Users\Administrator\runner\builds\monado\monado\tests\tests_history_buf.cpp(303): PASSED:
  CHECK( buffer.size() == 2 )
with expansion:
  2 == 2

-------------------------------------------------------------------------------
u_template_historybuf
  behavior with two
  check iterators
-------------------------------------------------------------------------------
C:\Users\Administrator\runner\builds\monado\monado\tests\tests_history_buf.cpp(304)
...............................................................................

C:\Users\Administrator\runner\builds\monado\monado\tests\tests_history_buf.cpp(307): PASSED:
  CHECK( buffer.begin().valid() )
with expansion:
  true

C:\Users\Administrator\runner\builds\monado\monado\tests\tests_history_buf.cpp(308): PASSED:
  CHECK_FALSE( buffer.end().valid() )
with expansion:
  !false

C:\Users\Administrator\runner\builds\monado\monado\tests\tests_history_buf.cpp(309): PASSED:
  CHECK_FALSE( buffer.begin() == buffer.end() )
with expansion:
  !(Iterator@[0] == Iterator@[2])

C:\Users\Administrator\runner\builds\monado\monado\tests\tests_history_buf.cpp(314): PASSED:
  CHECK_FALSE( it.valid() )
with expansion:
  !false

C:\Users\Administrator\runner\builds\monado\monado\tests\tests_history_buf.cpp(316): PASSED:
  CHECK_FALSE( it.valid() )
with expansion:
  !false

C:\Users\Administrator\runner\builds\monado\monado\tests\tests_history_buf.cpp(318): PASSED:
  CHECK( buffer.begin() == buffer.cbegin() )
with expansion:
  Iterator@[0] == Iterator@[0]

C:\Users\Administrator\runner\builds\monado\monado\tests\tests_history_buf.cpp(319): PASSED:
  CHECK( buffer.end() == buffer.cend() )
with expansion:
  Iterator@[2] == Iterator@[2]

C:\Users\Administrator\runner\builds\monado\monado\tests\tests_history_buf.cpp(322): PASSED:
  CHECK( buffer.begin() == --(--(buffer.end())) )
with expansion:
  Iterator@[0] == Iterator@[0]

C:\Users\Administrator\runner\builds\monado\monado\tests\tests_history_buf.cpp(325): PASSED:
  CHECK_FALSE( buffer.begin() == (buffer.end())-- )
with expansion:
  !(Iterator@[0] == Iterator@[2])

C:\Users\Administrator\runner\builds\monado\monado\tests\tests_history_buf.cpp(328): PASSED:
  CHECK( buffer.begin() == buffer.begin()++ )
with expansion:
  Iterator@[0] == Iterator@[0]

C:\Users\Administrator\runner\builds\monado\monado\tests\tests_history_buf.cpp(331): PASSED:
  CHECK_FALSE( buffer.begin() == ++(buffer.begin()) )
with expansion:
  !(Iterator@[0] == Iterator@[1])

-------------------------------------------------------------------------------
u_template_historybuf
  behavior with two
-------------------------------------------------------------------------------
C:\Users\Administrator\runner\builds\monado\monado\tests\tests_history_buf.cpp(298)
...............................................................................

C:\Users\Administrator\runner\builds\monado\monado\tests\tests_history_buf.cpp(302): PASSED:
  CHECK_FALSE( buffer.empty() )
with expansion:
  !false

C:\Users\Administrator\runner\builds\monado\monado\tests\tests_history_buf.cpp(303): PASSED:
  CHECK( buffer.size() == 2 )
with expansion:
  2 == 2

-------------------------------------------------------------------------------
u_template_historybuf
  behavior with two
  check contents
-------------------------------------------------------------------------------
C:\Users\Administrator\runner\builds\monado\monado\tests\tests_history_buf.cpp(333)
...............................................................................

C:\Users\Administrator\runner\builds\monado\monado\tests\tests_history_buf.cpp(336): PASSED:
  CHECK_NOTHROW( buffer.get_at_index(0) )

C:\Users\Administrator\runner\builds\monado\monado\tests\tests_history_buf.cpp(337): PASSED:
  CHECK_FALSE( buffer.get_at_index(0) == nullptr )
with expansion:
  !(0x000000e2318fe8e4 == nullptr)

C:\Users\Administrator\runner\builds\monado\monado\tests\tests_history_buf.cpp(338): PASSED:
  CHECK( *buffer.get_at_index(0) == 0 )
with expansion:
  0 == 0

C:\Users\Administrator\runner\builds\monado\monado\tests\tests_history_buf.cpp(339): PASSED:
  CHECK_FALSE( buffer.get_at_index(1) == nullptr )
with expansion:
  !(0x000000e2318fe8e8 == nullptr)

C:\Users\Administrator\runner\builds\monado\monado\tests\tests_history_buf.cpp(340): PASSED:
  CHECK( *buffer.get_at_index(1) == 1 )
with expansion:
  1 == 1

C:\Users\Administrator\runner\builds\monado\monado\tests\tests_history_buf.cpp(341): PASSED:
  CHECK( buffer.get_at_index(2) == nullptr )
with expansion:
  nullptr == nullptr

C:\Users\Administrator\runner\builds\monado\monado\tests\tests_history_buf.cpp(343): PASSED:
  CHECK_NOTHROW( buffer.get_at_age(0) )

C:\Users\Administrator\runner\builds\monado\monado\tests\tests_history_buf.cpp(344): PASSED:
  CHECK_FALSE( buffer.get_at_age(0) == nullptr )
with expansion:
  !(0x000000e2318fe8e8 == nullptr)

C:\Users\Administrator\runner\builds\monado\monado\tests\tests_history_buf.cpp(345): PASSED:
  CHECK( *buffer.get_at_age(0) == 1 )
with expansion:
  1 == 1

C:\Users\Administrator\runner\builds\monado\monado\tests\tests_history_buf.cpp(346): PASSED:
  CHECK_FALSE( buffer.get_at_clamped_age(0) == nullptr )
with expansion:
  !(0x000000e2318fe8e8 == nullptr)

C:\Users\Administrator\runner\builds\monado\monado\tests\tests_history_buf.cpp(347): PASSED:
  CHECK( *buffer.get_at_clamped_age(0) == 1 )
with expansion:
  1 == 1

C:\Users\Administrator\runner\builds\monado\monado\tests\tests_history_buf.cpp(349): PASSED:
  CHECK_FALSE( buffer.get_at_age(1) == nullptr )
with expansion:
  !(0x000000e2318fe8e4 == nullptr)

C:\Users\Administrator\runner\builds\monado\monado\tests\tests_history_buf.cpp(350): PASSED:
  CHECK( *buffer.get_at_age(1) == 0 )
with expansion:
  0 == 0

C:\Users\Administrator\runner\builds\monado\monado\tests\tests_history_buf.cpp(351): PASSED:
  CHECK_FALSE( buffer.get_at_clamped_age(1) == nullptr )
with expansion:
  !(0x000000e2318fe8e4 == nullptr)

C:\Users\Administrator\runner\builds\monado\monado\tests\tests_history_buf.cpp(352): PASSED:
  CHECK( *buffer.get_at_clamped_age(1) == 0 )
with expansion:
  0 == 0

C:\Users\Administrator\runner\builds\monado\monado\tests\tests_history_buf.cpp(354): PASSED:
  CHECK( buffer.get_at_age(2) == nullptr )
with expansion:
  nullptr == nullptr

C:\Users\Administrator\runner\builds\monado\monado\tests\tests_history_buf.cpp(356): PASSED:
  CHECK_FALSE( buffer.get_at_clamped_age(2) == nullptr )
with expansion:
  !(0x000000e2318fe8e4 == nullptr)

C:\Users\Administrator\runner\builds\monado\monado\tests\tests_history_buf.cpp(357): PASSED:
  CHECK( *buffer.get_at_clamped_age(2) == 0 )
with expansion:
  0 == 0

C:\Users\Administrator\runner\builds\monado\monado\tests\tests_history_buf.cpp(359): PASSED:
  CHECK_FALSE( buffer.get_at_clamped_age(3) == nullptr )
with expansion:
  !(0x000000e2318fe8e4 == nullptr)

C:\Users\Administrator\runner\builds\monado\monado\tests\tests_history_buf.cpp(360): PASSED:
  CHECK( *buffer.get_at_clamped_age(3) == 0 )
with expansion:
  0 == 0

C:\Users\Administrator\runner\builds\monado\monado\tests\tests_history_buf.cpp(362): PASSED:
  CHECK_NOTHROW( buffer.front() )

C:\Users\Administrator\runner\builds\monado\monado\tests\tests_history_buf.cpp(363): PASSED:
  CHECK( buffer.front() == 0 )
with expansion:
  0 == 0

C:\Users\Administrator\runner\builds\monado\monado\tests\tests_history_buf.cpp(365): PASSED:
  CHECK_NOTHROW( buffer.back() )

C:\Users\Administrator\runner\builds\monado\monado\tests\tests_history_buf.cpp(366): PASSED:
  CHECK( buffer.back() == 1 )
with expansion:
  1 == 1

C:\Users\Administrator\runner\builds\monado\monado\tests\tests_history_buf.cpp(368): PASSED:
  CHECK( *buffer.begin() == buffer.front() )
with expansion:
  0 == 0

C:\Users\Administrator\runner\builds\monado\monado\tests\tests_history_buf.cpp(369): PASSED:
  CHECK( buffer.back() == *(--buffer.end()) )
with expansion:
  1 == 1

-------------------------------------------------------------------------------
u_template_historybuf
  behavior with two
-------------------------------------------------------------------------------
C:\Users\Administrator\runner\builds\monado\monado\tests\tests_history_buf.cpp(298)
...............................................................................

C:\Users\Administrator\runner\builds\monado\monado\tests\tests_history_buf.cpp(302): PASSED:
  CHECK_FALSE( buffer.empty() )
with expansion:
  !false

C:\Users\Administrator\runner\builds\monado\monado\tests\tests_history_buf.cpp(303): PASSED:
  CHECK( buffer.size() == 2 )
with expansion:
  2 == 2

-------------------------------------------------------------------------------
u_template_historybuf
  behavior with two
  Check after pop_back
-------------------------------------------------------------------------------
C:\Users\Administrator\runner\builds\monado\monado\tests\tests_history_buf.cpp(371)
...............................................................................

C:\Users\Administrator\runner\builds\monado\monado\tests\tests_history_buf.cpp(373): PASSED:
  REQUIRE( buffer.pop_back() )
with expansion:
  true

C:\Users\Administrator\runner\builds\monado\monado\tests\tests_history_buf.cpp(374): PASSED:
  CHECK( buffer.size() == 1 )
with expansion:
  1 == 1

C:\Users\Administrator\runner\builds\monado\monado\tests\tests_history_buf.cpp(375): PASSED:
  CHECK( buffer.front() == 0 )
with expansion:
  0 == 0

C:\Users\Administrator\runner\builds\monado\monado\tests\tests_history_buf.cpp(377): PASSED:
  REQUIRE( buffer.pop_back() )
with expansion:
  true

C:\Users\Administrator\runner\builds\monado\monado\tests\tests_history_buf.cpp(378): PASSED:
  CHECK( buffer.size() == 0 )
with expansion:
  0 == 0

-------------------------------------------------------------------------------
u_template_historybuf
  algorithm behavior with 3
-------------------------------------------------------------------------------
C:\Users\Administrator\runner\builds\monado\monado\tests\tests_history_buf.cpp(382)
...............................................................................

C:\Users\Administrator\runner\builds\monado\monado\tests\tests_history_buf.cpp(387): PASSED:
  CHECK_FALSE( buffer.empty() )
with expansion:
  !false

C:\Users\Administrator\runner\builds\monado\monado\tests\tests_history_buf.cpp(388): PASSED:
  CHECK( buffer.size() == 3 )
with expansion:
  3 == 3

C:\Users\Administrator\runner\builds\monado\monado\tests\tests_history_buf.cpp(389): PASSED:
  CHECK( buffer.begin() == std::find(buffer.begin(), buffer.end(), 0) )
with expansion:
  Iterator@[0] == Iterator@[0]

C:\Users\Administrator\runner\builds\monado\monado\tests\tests_history_buf.cpp(390): PASSED:
  CHECK( ++(buffer.begin()) == std::find(buffer.begin(), buffer.end(), 2) )
with expansion:
  Iterator@[1] == Iterator@[1]

C:\Users\Administrator\runner\builds\monado\monado\tests\tests_history_buf.cpp(391): PASSED:
  CHECK( buffer.end() == std::find(buffer.begin(), buffer.end(), 5) )
with expansion:
  Iterator@[3] == Iterator@[3]

C:\Users\Administrator\runner\builds\monado\monado\tests\tests_history_buf.cpp(393): PASSED:
  CHECK( ++(buffer.begin()) == std::lower_bound(buffer.begin(), buffer.end(), 1) )
with expansion:
  Iterator@[1] == Iterator@[1]

-------------------------------------------------------------------------------
IteratorBase
  Check default constructed
-------------------------------------------------------------------------------
C:\Users\Administrator\runner\builds\monado\monado\tests\tests_history_buf.cpp(410)
...............................................................................

C:\Users\Administrator\runner\builds\monado\monado\tests\tests_history_buf.cpp(412): PASSED:
  CHECK_FALSE( default_constructed.valid() )
with expansion:
  !false

C:\Users\Administrator\runner\builds\monado\monado\tests\tests_history_buf.cpp(413): PASSED:
  CHECK( default_constructed.is_cleared() )
with expansion:
  true

-------------------------------------------------------------------------------
IteratorBase
  Check begin constructed
-------------------------------------------------------------------------------
C:\Users\Administrator\runner\builds\monado\monado\tests\tests_history_buf.cpp(415)
...............................................................................

C:\Users\Administrator\runner\builds\monado\monado\tests\tests_history_buf.cpp(417): PASSED:
  CHECK( begin_constructed.valid() )
with expansion:
  true

C:\Users\Administrator\runner\builds\monado\monado\tests\tests_history_buf.cpp(418): PASSED:
  CHECK_FALSE( begin_constructed.is_cleared() )
with expansion:
  !false

C:\Users\Administrator\runner\builds\monado\monado\tests\tests_history_buf.cpp(419): PASSED:
  CHECK( (--begin_constructed).is_cleared() )
with expansion:
  true

-------------------------------------------------------------------------------
IteratorBase
  Check end constructed
-------------------------------------------------------------------------------
C:\Users\Administrator\runner\builds\monado\monado\tests\tests_history_buf.cpp(421)
...............................................................................

C:\Users\Administrator\runner\builds\monado\monado\tests\tests_history_buf.cpp(423): PASSED:
  CHECK_FALSE( end_constructed.valid() )
with expansion:
  !false

C:\Users\Administrator\runner\builds\monado\monado\tests\tests_history_buf.cpp(424): PASSED:
  CHECK_FALSE( end_constructed.is_cleared() )
with expansion:
  !false

C:\Users\Administrator\runner\builds\monado\monado\tests\tests_history_buf.cpp(426): PASSED:
  CHECK_FALSE( (++end_constructed).is_cleared() )
with expansion:
  !false

===============================================================================
All tests passed (176 assertions in 4 test cases)

<end of output>
Test time =   0.03 sec
----------------------------------------------------------
Test Passed.
"tests_history_buf" end time: Apr 09 11:37 Coordinated Universal Time
"tests_history_buf" time elapsed: 00:00:00
----------------------------------------------------------

5/24 Testing: tests_id_ringbuffer
5/24 Test: tests_id_ringbuffer
Command: "C:/Users/Administrator/runner/builds/monado/monado/build/tests/tests_id_ringbuffer.exe" "--success"
Directory: C:/Users/Administrator/runner/builds/monado/monado/build/tests
"tests_id_ringbuffer" start time: Apr 09 11:37 Coordinated Universal Time
Output:
----------------------------------------------------------

~~~~~~~~~~~~~~~~~~~~~~~~~~~~~~~~~~~~~~~~~~~~~~~~~~~~~~~~~~~~~~~~~~~~~~~~~~~~~~~
tests_id_ringbuffer.exe is a Catch v2.13.10 host application.
Run with -? for options

-------------------------------------------------------------------------------
u_template_historybuf
  behavior when empty
-------------------------------------------------------------------------------
C:\Users\Administrator\runner\builds\monado\monado\tests\tests_id_ringbuffer.cpp(19)
...............................................................................

C:\Users\Administrator\runner\builds\monado\monado\tests\tests_id_ringbuffer.cpp(21): PASSED:
  CHECK( u_id_ringbuffer_is_empty(buffer) )
with expansion:
  true

C:\Users\Administrator\runner\builds\monado\monado\tests\tests_id_ringbuffer.cpp(22): PASSED:
  CHECK( 0 == u_id_ringbuffer_get_size(buffer) )
with expansion:
  0 == 0

C:\Users\Administrator\runner\builds\monado\monado\tests\tests_id_ringbuffer.cpp(24): PASSED:
  CHECK( u_id_ringbuffer_get_front(buffer, &out_id) < 0 )
with expansion:
  -1 < 0

C:\Users\Administrator\runner\builds\monado\monado\tests\tests_id_ringbuffer.cpp(25): PASSED:
  CHECK( u_id_ringbuffer_get_back(buffer, &out_id) < 0 )
with expansion:
  -1 < 0

C:\Users\Administrator\runner\builds\monado\monado\tests\tests_id_ringbuffer.cpp(30): PASSED:
  CHECK( u_id_ringbuffer_is_empty(buffer) )
with expansion:
  true
with message:
  Check after pop_back

-------------------------------------------------------------------------------
u_template_historybuf
  behavior with one
-------------------------------------------------------------------------------
C:\Users\Administrator\runner\builds\monado\monado\tests\tests_id_ringbuffer.cpp(33)
...............................................................................

C:\Users\Administrator\runner\builds\monado\monado\tests\tests_id_ringbuffer.cpp(36): PASSED:
  REQUIRE( (zero_inner_index = u_id_ringbuffer_push_back(buffer, 0)) >= 0 )
with expansion:
  1 >= 0

C:\Users\Administrator\runner\builds\monado\monado\tests\tests_id_ringbuffer.cpp(37): PASSED:
  CHECK_FALSE( u_id_ringbuffer_is_empty(buffer) )
with expansion:
  !false

C:\Users\Administrator\runner\builds\monado\monado\tests\tests_id_ringbuffer.cpp(38): PASSED:
  CHECK( 1 == u_id_ringbuffer_get_size(buffer) )
with expansion:
  1 == 1

C:\Users\Administrator\runner\builds\monado\monado\tests\tests_id_ringbuffer.cpp(45): PASSED:
  CHECK( u_id_ringbuffer_get_front(buffer, &out_id_front) >= 0 )
with expansion:
  1 >= 0
with message:
  zero_inner_index := 1

C:\Users\Administrator\runner\builds\monado\monado\tests\tests_id_ringbuffer.cpp(46): PASSED:
  CHECK( u_id_ringbuffer_get_front(buffer, &out_id_front) == zero_inner_index )
with expansion:
  1 == 1
with message:
  zero_inner_index := 1

C:\Users\Administrator\runner\builds\monado\monado\tests\tests_id_ringbuffer.cpp(47): PASSED:
  CHECK( out_id_front == 0 )
with expansion:
  0 == 0
with message:
  zero_inner_index := 1

C:\Users\Administrator\runner\builds\monado\monado\tests\tests_id_ringbuffer.cpp(48): PASSED:
  CHECK( u_id_ringbuffer_get_back(buffer, &out_id_back) >= 0 )
with expansion:
  1 >= 0
with message:
  zero_inner_index := 1

C:\Users\Administrator\runner\builds\monado\monado\tests\tests_id_ringbuffer.cpp(49): PASSED:
  CHECK( u_id_ringbuffer_get_back(buffer, &out_id_front) == zero_inner_index )
with expansion:
  1 == 1
with message:
  zero_inner_index := 1

C:\Users\Administrator\runner\builds\monado\monado\tests\tests_id_ringbuffer.cpp(50): PASSED:
  CHECK( out_id_back == 0 )
with expansion:
  0 == 0
with message:
  zero_inner_index := 1

C:\Users\Administrator\runner\builds\monado\monado\tests\tests_id_ringbuffer.cpp(51): PASSED:
  CHECK( out_id_front == out_id_back )
with expansion:
  0 == 0
with message:
  zero_inner_index := 1

C:\Users\Administrator\runner\builds\monado\monado\tests\tests_id_ringbuffer.cpp(56): PASSED:
  CHECK( u_id_ringbuffer_get_at_index(buffer, 0, &out_id) == zero_inner_index )
with expansion:
  1 == 1
with message:
  zero_inner_index := 1

C:\Users\Administrator\runner\builds\monado\monado\tests\tests_id_ringbuffer.cpp(57): PASSED:
  CHECK( out_id == 0 )
with expansion:
  0 == 0
with message:
  zero_inner_index := 1

C:\Users\Administrator\runner\builds\monado\monado\tests\tests_id_ringbuffer.cpp(61): PASSED:
  CHECK( u_id_ringbuffer_get_at_age(buffer, 0, &out_id) == zero_inner_index )
with expansion:
  1 == 1
with message:
  zero_inner_index := 1

C:\Users\Administrator\runner\builds\monado\monado\tests\tests_id_ringbuffer.cpp(62): PASSED:
  CHECK( out_id == 0 )
with expansion:
  0 == 0
with message:
  zero_inner_index := 1

C:\Users\Administrator\runner\builds\monado\monado\tests\tests_id_ringbuffer.cpp(66): PASSED:
  CHECK( u_id_ringbuffer_get_at_clamped_age(buffer, 0, &out_id) == zero_inner_index )
with expansion:
  1 == 1
with message:
  zero_inner_index := 1

C:\Users\Administrator\runner\builds\monado\monado\tests\tests_id_ringbuffer.cpp(67): PASSED:
  CHECK( out_id == 0 )
with expansion:
  0 == 0
with message:
  zero_inner_index := 1

C:\Users\Administrator\runner\builds\monado\monado\tests\tests_id_ringbuffer.cpp(71): PASSED:
  CHECK( u_id_ringbuffer_get_at_age(buffer, 1, &out_id) < 0 )
with expansion:
  -1 < 0
with message:
  zero_inner_index := 1

C:\Users\Administrator\runner\builds\monado\monado\tests\tests_id_ringbuffer.cpp(75): PASSED:
  CHECK( u_id_ringbuffer_get_at_clamped_age(buffer, 1, &out_id) == zero_inner_index )
with expansion:
  1 == 1
with message:
  zero_inner_index := 1

C:\Users\Administrator\runner\builds\monado\monado\tests\tests_id_ringbuffer.cpp(76): PASSED:
  CHECK( out_id == 0 )
with expansion:
  0 == 0
with message:
  zero_inner_index := 1

C:\Users\Administrator\runner\builds\monado\monado\tests\tests_id_ringbuffer.cpp(80): PASSED:
  CHECK( u_id_ringbuffer_get_at_clamped_age(buffer, 2, &out_id) == zero_inner_index )
with expansion:
  1 == 1
with message:
  zero_inner_index := 1

C:\Users\Administrator\runner\builds\monado\monado\tests\tests_id_ringbuffer.cpp(81): PASSED:
  CHECK( out_id == 0 )
with expansion:
  0 == 0
with message:
  zero_inner_index := 1

C:\Users\Administrator\runner\builds\monado\monado\tests\tests_id_ringbuffer.cpp(88): PASSED:
  CHECK( u_id_ringbuffer_is_empty(buffer) )
with expansion:
  true
with messages:
  zero_inner_index := 1
  Check after pop_back

C:\Users\Administrator\runner\builds\monado\monado\tests\tests_id_ringbuffer.cpp(91): PASSED:
  CHECK( u_id_ringbuffer_is_empty(buffer) )
with expansion:
  true
with messages:
  zero_inner_index := 1
  Check after pop_back

-------------------------------------------------------------------------------
u_template_historybuf
  behavior with two
-------------------------------------------------------------------------------
C:\Users\Administrator\runner\builds\monado\monado\tests\tests_id_ringbuffer.cpp(95)
...............................................................................

C:\Users\Administrator\runner\builds\monado\monado\tests\tests_id_ringbuffer.cpp(99): PASSED:
  REQUIRE( (zero_inner_index = u_id_ringbuffer_push_back(buffer, 0)) >= 0 )
with expansion:
  1 >= 0

C:\Users\Administrator\runner\builds\monado\monado\tests\tests_id_ringbuffer.cpp(100): PASSED:
  REQUIRE( (one_inner_index = u_id_ringbuffer_push_back(buffer, 1)) >= 0 )
with expansion:
  2 >= 0

C:\Users\Administrator\runner\builds\monado\monado\tests\tests_id_ringbuffer.cpp(101): PASSED:
  REQUIRE( zero_inner_index != one_inner_index )
with expansion:
  1 != 2

C:\Users\Administrator\runner\builds\monado\monado\tests\tests_id_ringbuffer.cpp(104): PASSED:
  CHECK_FALSE( u_id_ringbuffer_is_empty(buffer) )
with expansion:
  !false
with messages:
  zero_inner_index := 1
  one_inner_index := 2

C:\Users\Administrator\runner\builds\monado\monado\tests\tests_id_ringbuffer.cpp(105): PASSED:
  CHECK( 2 == u_id_ringbuffer_get_size(buffer) )
with expansion:
  2 == 2
with messages:
  zero_inner_index := 1
  one_inner_index := 2

-------------------------------------------------------------------------------
u_template_historybuf
  behavior with two
  check front and back
-------------------------------------------------------------------------------
C:\Users\Administrator\runner\builds\monado\monado\tests\tests_id_ringbuffer.cpp(107)
...............................................................................

C:\Users\Administrator\runner\builds\monado\monado\tests\tests_id_ringbuffer.cpp(112): PASSED:
  CHECK( u_id_ringbuffer_get_front(buffer, &out_id_front) == zero_inner_index )
with expansion:
  1 == 1
with messages:
  zero_inner_index := 1
  one_inner_index := 2

C:\Users\Administrator\runner\builds\monado\monado\tests\tests_id_ringbuffer.cpp(113): PASSED:
  CHECK( out_id_front == 0 )
with expansion:
  0 == 0
with messages:
  zero_inner_index := 1
  one_inner_index := 2

C:\Users\Administrator\runner\builds\monado\monado\tests\tests_id_ringbuffer.cpp(114): PASSED:
  CHECK( u_id_ringbuffer_get_back(buffer, &out_id_back) == one_inner_index )
with expansion:
  2 == 2
with messages:
  zero_inner_index := 1
  one_inner_index := 2

C:\Users\Administrator\runner\builds\monado\monado\tests\tests_id_ringbuffer.cpp(115): PASSED:
  CHECK( out_id_back == 1 )
with expansion:
  1 == 1
with messages:
  zero_inner_index := 1
  one_inner_index := 2

C:\Users\Administrator\runner\builds\monado\monado\tests\tests_id_ringbuffer.cpp(116): PASSED:
  CHECK( out_id_front != out_id_back )
with expansion:
  0 != 1
with messages:
  zero_inner_index := 1
  one_inner_index := 2

-------------------------------------------------------------------------------
u_template_historybuf
  behavior with two
-------------------------------------------------------------------------------
C:\Users\Administrator\runner\builds\monado\monado\tests\tests_id_ringbuffer.cpp(95)
...............................................................................

C:\Users\Administrator\runner\builds\monado\monado\tests\tests_id_ringbuffer.cpp(99): PASSED:
  REQUIRE( (zero_inner_index = u_id_ringbuffer_push_back(buffer, 0)) >= 0 )
with expansion:
  1 >= 0

C:\Users\Administrator\runner\builds\monado\monado\tests\tests_id_ringbuffer.cpp(100): PASSED:
  REQUIRE( (one_inner_index = u_id_ringbuffer_push_back(buffer, 1)) >= 0 )
with expansion:
  2 >= 0

C:\Users\Administrator\runner\builds\monado\monado\tests\tests_id_ringbuffer.cpp(101): PASSED:
  REQUIRE( zero_inner_index != one_inner_index )
with expansion:
  1 != 2

C:\Users\Administrator\runner\builds\monado\monado\tests\tests_id_ringbuffer.cpp(104): PASSED:
  CHECK_FALSE( u_id_ringbuffer_is_empty(buffer) )
with expansion:
  !false
with messages:
  zero_inner_index := 1
  one_inner_index := 2

C:\Users\Administrator\runner\builds\monado\monado\tests\tests_id_ringbuffer.cpp(105): PASSED:
  CHECK( 2 == u_id_ringbuffer_get_size(buffer) )
with expansion:
  2 == 2
with messages:
  zero_inner_index := 1
  one_inner_index := 2

-------------------------------------------------------------------------------
u_template_historybuf
  behavior with two
  check contents
-------------------------------------------------------------------------------
C:\Users\Administrator\runner\builds\monado\monado\tests\tests_id_ringbuffer.cpp(118)
...............................................................................

C:\Users\Administrator\runner\builds\monado\monado\tests\tests_id_ringbuffer.cpp(123): PASSED:
  CHECK( u_id_ringbuffer_get_at_index(buffer, 0, &out_id) == zero_inner_index )
with expansion:
  1 == 1
with messages:
  zero_inner_index := 1
  one_inner_index := 2

C:\Users\Administrator\runner\builds\monado\monado\tests\tests_id_ringbuffer.cpp(124): PASSED:
  CHECK( out_id == 0 )
with expansion:
  0 == 0
with messages:
  zero_inner_index := 1
  one_inner_index := 2

C:\Users\Administrator\runner\builds\monado\monado\tests\tests_id_ringbuffer.cpp(128): PASSED:
  CHECK( u_id_ringbuffer_get_at_index(buffer, 1, &out_id) == one_inner_index )
with expansion:
  2 == 2
with messages:
  zero_inner_index := 1
  one_inner_index := 2

C:\Users\Administrator\runner\builds\monado\monado\tests\tests_id_ringbuffer.cpp(129): PASSED:
  CHECK( out_id == 1 )
with expansion:
  1 == 1
with messages:
  zero_inner_index := 1
  one_inner_index := 2

C:\Users\Administrator\runner\builds\monado\monado\tests\tests_id_ringbuffer.cpp(133): PASSED:
  CHECK( u_id_ringbuffer_get_at_index(buffer, 2, &out_id) < 0 )
with expansion:
  -1 < 0
with messages:
  zero_inner_index := 1
  one_inner_index := 2

C:\Users\Administrator\runner\builds\monado\monado\tests\tests_id_ringbuffer.cpp(138): PASSED:
  CHECK( u_id_ringbuffer_get_at_age(buffer, 0, &out_id) == one_inner_index )
with expansion:
  2 == 2
with messages:
  zero_inner_index := 1
  one_inner_index := 2

C:\Users\Administrator\runner\builds\monado\monado\tests\tests_id_ringbuffer.cpp(139): PASSED:
  CHECK( out_id == 1 )
with expansion:
  1 == 1
with messages:
  zero_inner_index := 1
  one_inner_index := 2

C:\Users\Administrator\runner\builds\monado\monado\tests\tests_id_ringbuffer.cpp(143): PASSED:
  CHECK( u_id_ringbuffer_get_at_clamped_age(buffer, 0, &out_id) == one_inner_index )
with expansion:
  2 == 2
with messages:
  zero_inner_index := 1
  one_inner_index := 2

C:\Users\Administrator\runner\builds\monado\monado\tests\tests_id_ringbuffer.cpp(144): PASSED:
  CHECK( out_id == 1 )
with expansion:
  1 == 1
with messages:
  zero_inner_index := 1
  one_inner_index := 2

[...]
  CHECK( calledB[2] )
with expansion:
  true

C:\Users\Administrator\runner\builds\monado\monado\tests\tests_worker.cpp(128): PASSED:
  CHECK( calledA[0] )
with expansion:
  true

C:\Users\Administrator\runner\builds\monado\monado\tests\tests_worker.cpp(129): PASSED:
  CHECK( calledA[1] )
with expansion:
  true

C:\Users\Administrator\runner\builds\monado\monado\tests\tests_worker.cpp(130): PASSED:
  CHECK( calledA[2] )
with expansion:
  true

===============================================================================
All tests passed (36 assertions in 1 test case)

<end of output>
Test time =   0.54 sec
----------------------------------------------------------
Test Passed.
"tests_worker" end time: Apr 09 11:37 Coordinated Universal Time
"tests_worker" time elapsed: 00:00:00
----------------------------------------------------------

18/24 Testing: tests_pose
18/24 Test: tests_pose
Command: "C:/Users/Administrator/runner/builds/monado/monado/build/tests/tests_pose.exe" "--success"
Directory: C:/Users/Administrator/runner/builds/monado/monado/build/tests
"tests_pose" start time: Apr 09 11:37 Coordinated Universal Time
Output:
----------------------------------------------------------

~~~~~~~~~~~~~~~~~~~~~~~~~~~~~~~~~~~~~~~~~~~~~~~~~~~~~~~~~~~~~~~~~~~~~~~~~~~~~~~
tests_pose.exe is a Catch v2.13.10 host application.
Run with -? for options

-------------------------------------------------------------------------------
Pose invert works
-------------------------------------------------------------------------------
C:\Users\Administrator\runner\builds\monado\monado\tests\tests_pose.cpp(15)
...............................................................................

C:\Users\Administrator\runner\builds\monado\monado\tests\tests_pose.cpp(35): PASSED:
  CHECK( m_vec3_len(out_a.position) < 0.001f )
with expansion:
  0.00015f < 0.001f

C:\Users\Administrator\runner\builds\monado\monado\tests\tests_pose.cpp(36): PASSED:
  CHECK( 1 - abs(out_a.orientation.w) < 0.001f )
with expansion:
  0.0f < 0.001f

C:\Users\Administrator\runner\builds\monado\monado\tests\tests_pose.cpp(38): PASSED:
  CHECK( m_vec3_len(out_b.position) < 0.001f )
with expansion:
  0.00006f < 0.001f

C:\Users\Administrator\runner\builds\monado\monado\tests\tests_pose.cpp(39): PASSED:
  CHECK( 1 - abs(out_b.orientation.w) < 0.001f )
with expansion:
  0.0f < 0.001f

-------------------------------------------------------------------------------
Pose interpolation works
-------------------------------------------------------------------------------
C:\Users\Administrator\runner\builds\monado\monado\tests\tests_pose.cpp(42)
...............................................................................

C:\Users\Administrator\runner\builds\monado\monado\tests\tests_pose.cpp(61): PASSED:
  CHECK( res.position.x == Approx(0).margin(e) )
with expansion:
  0.0f == Approx( 0.0 )

C:\Users\Administrator\runner\builds\monado\monado\tests\tests_pose.cpp(62): PASSED:
  CHECK( res.position.y == Approx(0).margin(e) )
with expansion:
  0.0f == Approx( 0.0 )

C:\Users\Administrator\runner\builds\monado\monado\tests\tests_pose.cpp(63): PASSED:
  CHECK( res.position.z == Approx(0).margin(e) )
with expansion:
  0.0f == Approx( 0.0 )

C:\Users\Administrator\runner\builds\monado\monado\tests\tests_pose.cpp(64): PASSED:
  CHECK( res.orientation.x == Approx(0).margin(e) )
with expansion:
  0.0f == Approx( 0.0 )

C:\Users\Administrator\runner\builds\monado\monado\tests\tests_pose.cpp(65): PASSED:
  CHECK( res.orientation.x == Approx(0).margin(e) )
with expansion:
  0.0f == Approx( 0.0 )

C:\Users\Administrator\runner\builds\monado\monado\tests\tests_pose.cpp(66): PASSED:
  CHECK( res.orientation.y == Approx(0).margin(e) )
with expansion:
  0.0f == Approx( 0.0 )

C:\Users\Administrator\runner\builds\monado\monado\tests\tests_pose.cpp(67): PASSED:
  CHECK( res.orientation.w == Approx(1).margin(e) )
with expansion:
  1.0f == Approx( 1.0 )

===============================================================================
All tests passed (11 assertions in 2 test cases)

<end of output>
Test time =   0.03 sec
----------------------------------------------------------
Test Passed.
"tests_pose" end time: Apr 09 11:37 Coordinated Universal Time
"tests_pose" time elapsed: 00:00:00
----------------------------------------------------------

19/24 Testing: tests_vec3_angle
19/24 Test: tests_vec3_angle
Command: "C:/Users/Administrator/runner/builds/monado/monado/build/tests/tests_vec3_angle.exe" "--success"
Directory: C:/Users/Administrator/runner/builds/monado/monado/build/tests
"tests_vec3_angle" start time: Apr 09 11:37 Coordinated Universal Time
Output:
----------------------------------------------------------

~~~~~~~~~~~~~~~~~~~~~~~~~~~~~~~~~~~~~~~~~~~~~~~~~~~~~~~~~~~~~~~~~~~~~~~~~~~~~~~
tests_vec3_angle.exe is a Catch v2.13.10 host application.
Run with -? for options

-------------------------------------------------------------------------------
Vec3Angle
-------------------------------------------------------------------------------
C:\Users\Administrator\runner\builds\monado\monado\tests\tests_vec3_angle.cpp(14)
...............................................................................

C:\Users\Administrator\runner\builds\monado\monado\tests\tests_vec3_angle.cpp(17): PASSED:
  CHECK( m_vec3_angle({1, 0, 0}, {-1, 0, 0}) == Approx(3.14159265358979323846) )
with expansion:
  3.14159f == Approx( 3.1415926536 )

C:\Users\Administrator\runner\builds\monado\monado\tests\tests_vec3_angle.cpp(18): PASSED:
  CHECK( m_vec3_angle({1, 0, 0}, {0, 1, 0}) == Approx(3.14159265358979323846 / 2) )
with expansion:
  1.5708f == Approx( 1.5707963268 )

C:\Users\Administrator\runner\builds\monado\monado\tests\tests_vec3_angle.cpp(19): PASSED:
  CHECK( m_vec3_angle({1, 0, 0}, {sqrt2_2, sqrt2_2, 0}) == Approx(3.14159265358979323846 / 4) )
with expansion:
  0.7854f == Approx( 0.7853981634 )

===============================================================================
All tests passed (3 assertions in 1 test case)

<end of output>
Test time =   0.03 sec
----------------------------------------------------------
Test Passed.
"tests_vec3_angle" end time: Apr 09 11:37 Coordinated Universal Time
"tests_vec3_angle" time elapsed: 00:00:00
----------------------------------------------------------

20/24 Testing: tests_aux_d3d_d3d11
20/24 Test: tests_aux_d3d_d3d11
Command: "C:/Users/Administrator/runner/builds/monado/monado/build/tests/tests_aux_d3d_d3d11.exe" "--success"
Directory: C:/Users/Administrator/runner/builds/monado/monado/build/tests
"tests_aux_d3d_d3d11" start time: Apr 09 11:37 Coordinated Universal Time
Output:
----------------------------------------------------------
===============================================================================
No tests ran

<end of output>
Test time =   0.07 sec
----------------------------------------------------------
Test Passed.
"tests_aux_d3d_d3d11" end time: Apr 09 11:37 Coordinated Universal Time
"tests_aux_d3d_d3d11" time elapsed: 00:00:00
----------------------------------------------------------

21/24 Testing: tests_comp_client_d3d11
21/24 Test: tests_comp_client_d3d11
Command: "C:/Users/Administrator/runner/builds/monado/monado/build/tests/tests_comp_client_d3d11.exe" "--success"
Directory: C:/Users/Administrator/runner/builds/monado/monado/build/tests
"tests_comp_client_d3d11" start time: Apr 09 11:37 Coordinated Universal Time
Output:
----------------------------------------------------------
===============================================================================
No tests ran

<end of output>
Test time =   0.04 sec
----------------------------------------------------------
Test Passed.
"tests_comp_client_d3d11" end time: Apr 09 11:37 Coordinated Universal Time
"tests_comp_client_d3d11" time elapsed: 00:00:00
----------------------------------------------------------

22/24 Testing: tests_comp_client_d3d12
22/24 Test: tests_comp_client_d3d12
Command: "C:/Users/Administrator/runner/builds/monado/monado/build/tests/tests_comp_client_d3d12.exe" "--success"
Directory: C:/Users/Administrator/runner/builds/monado/monado/build/tests
"tests_comp_client_d3d12" start time: Apr 09 11:37 Coordinated Universal Time
Output:
----------------------------------------------------------
===============================================================================
No tests ran

<end of output>
Test time =   0.04 sec
----------------------------------------------------------
Test Passed.
"tests_comp_client_d3d12" end time: Apr 09 11:37 Coordinated Universal Time
"tests_comp_client_d3d12" time elapsed: 00:00:00
----------------------------------------------------------

23/24 Testing: tests_comp_client_vulkan
23/24 Test: tests_comp_client_vulkan
Command: "C:/Users/Administrator/runner/builds/monado/monado/build/tests/tests_comp_client_vulkan.exe" "--success"
Directory: C:/Users/Administrator/runner/builds/monado/monado/build/tests
"tests_comp_client_vulkan" start time: Apr 09 11:37 Coordinated Universal Time
Output:
----------------------------------------------------------
===============================================================================
No tests ran

<end of output>
Test time =   0.03 sec
----------------------------------------------------------
Test Passed.
"tests_comp_client_vulkan" end time: Apr 09 11:37 Coordinated Universal Time
"tests_comp_client_vulkan" time elapsed: 00:00:00
----------------------------------------------------------

24/24 Testing: tests_uv_to_tangent
24/24 Test: tests_uv_to_tangent
Command: "C:/Users/Administrator/runner/builds/monado/monado/build/tests/tests_uv_to_tangent.exe" "--success"
Directory: C:/Users/Administrator/runner/builds/monado/monado/build/tests
"tests_uv_to_tangent" start time: Apr 09 11:37 Coordinated Universal Time
Output:
----------------------------------------------------------

~~~~~~~~~~~~~~~~~~~~~~~~~~~~~~~~~~~~~~~~~~~~~~~~~~~~~~~~~~~~~~~~~~~~~~~~~~~~~~~
tests_uv_to_tangent.exe is a Catch v2.13.10 host application.
Run with -? for options

-------------------------------------------------------------------------------
render_calc_uv_to_tangent_lengths_rect
-------------------------------------------------------------------------------
C:\Users\Administrator\runner\builds\monado\monado\tests\tests_uv_to_tangent.cpp(38)
...............................................................................

C:\Users\Administrator\runner\builds\monado\monado\tests\tests_uv_to_tangent.cpp(41): PASSED:
  REQUIRE_THAT( tan((3.14159265358979323846 / 4)), Catch::WithinAbs(1.0, (0.000001)) )
with expansion:
  1.0 is within 0.000001 of 1.0

-------------------------------------------------------------------------------
render_calc_uv_to_tangent_lengths_rect
  45_degrees
  normal
-------------------------------------------------------------------------------
C:\Users\Administrator\runner\builds\monado\monado\tests\tests_uv_to_tangent.cpp(51)
...............................................................................

C:\Users\Administrator\runner\builds\monado\monado\tests\tests_uv_to_tangent.cpp(29): PASSED:
  REQUIRE_THAT( result.x, Catch::WithinAbs(truth.x, (0.000001)) )
with expansion:
  -1.0f is within 0.000001 of -1.0
with messages:
  f45.angle_up := 0.7854f
  f45.angle_down := -0.7854f
  f45.angle_left := -0.7854f
  f45.angle_right := 0.7854f

C:\Users\Administrator\runner\builds\monado\monado\tests\tests_uv_to_tangent.cpp(30): PASSED:
  REQUIRE_THAT( result.y, Catch::WithinAbs(truth.y, (0.000001)) )
with expansion:
  -1.0f is within 0.000001 of -1.0
with messages:
  f45.angle_up := 0.7854f
  f45.angle_down := -0.7854f
  f45.angle_left := -0.7854f
  f45.angle_right := 0.7854f

C:\Users\Administrator\runner\builds\monado\monado\tests\tests_uv_to_tangent.cpp(31): PASSED:
  REQUIRE_THAT( result.w, Catch::WithinAbs(truth.w, (0.000001)) )
with expansion:
  2.0f is within 0.000001 of 2.0
with messages:
  f45.angle_up := 0.7854f
  f45.angle_down := -0.7854f
  f45.angle_left := -0.7854f
  f45.angle_right := 0.7854f

C:\Users\Administrator\runner\builds\monado\monado\tests\tests_uv_to_tangent.cpp(32): PASSED:
  REQUIRE_THAT( result.h, Catch::WithinAbs(truth.h, (0.000001)) )
with expansion:
  2.0f is within 0.000001 of 2.0
with messages:
  f45.angle_up := 0.7854f
  f45.angle_down := -0.7854f
  f45.angle_left := -0.7854f
  f45.angle_right := 0.7854f

-------------------------------------------------------------------------------
render_calc_uv_to_tangent_lengths_rect
-------------------------------------------------------------------------------
C:\Users\Administrator\runner\builds\monado\monado\tests\tests_uv_to_tangent.cpp(38)
...............................................................................

C:\Users\Administrator\runner\builds\monado\monado\tests\tests_uv_to_tangent.cpp(41): PASSED:
  REQUIRE_THAT( tan((3.14159265358979323846 / 4)), Catch::WithinAbs(1.0, (0.000001)) )
with expansion:
  1.0 is within 0.000001 of 1.0

-------------------------------------------------------------------------------
render_calc_uv_to_tangent_lengths_rect
  45_degrees
  flipped_vertical
-------------------------------------------------------------------------------
C:\Users\Administrator\runner\builds\monado\monado\tests\tests_uv_to_tangent.cpp(65)
...............................................................................

C:\Users\Administrator\runner\builds\monado\monado\tests\tests_uv_to_tangent.cpp(29): PASSED:
  REQUIRE_THAT( result.x, Catch::WithinAbs(truth.x, (0.000001)) )
with expansion:
  -1.0f is within 0.000001 of -1.0
with messages:
  f45.angle_up := -0.7854f
  f45.angle_down := 0.7854f
  f45.angle_left := -0.7854f
  f45.angle_right := 0.7854f

C:\Users\Administrator\runner\builds\monado\monado\tests\tests_uv_to_tangent.cpp(30): PASSED:
  REQUIRE_THAT( result.y, Catch::WithinAbs(truth.y, (0.000001)) )
with expansion:
  1.0f is within 0.000001 of 1.0
with messages:
  f45.angle_up := -0.7854f
  f45.angle_down := 0.7854f
  f45.angle_left := -0.7854f
  f45.angle_right := 0.7854f

C:\Users\Administrator\runner\builds\monado\monado\tests\tests_uv_to_tangent.cpp(31): PASSED:
  REQUIRE_THAT( result.w, Catch::WithinAbs(truth.w, (0.000001)) )
with expansion:
  2.0f is within 0.000001 of 2.0
with messages:
  f45.angle_up := -0.7854f
  f45.angle_down := 0.7854f
  f45.angle_left := -0.7854f
  f45.angle_right := 0.7854f

C:\Users\Administrator\runner\builds\monado\monado\tests\tests_uv_to_tangent.cpp(32): PASSED:
  REQUIRE_THAT( result.h, Catch::WithinAbs(truth.h, (0.000001)) )
with expansion:
  -2.0f is within 0.000001 of -2.0
with messages:
  f45.angle_up := -0.7854f
  f45.angle_down := 0.7854f
  f45.angle_left := -0.7854f
  f45.angle_right := 0.7854f

-------------------------------------------------------------------------------
render_calc_uv_to_tangent_lengths_rect
-------------------------------------------------------------------------------
C:\Users\Administrator\runner\builds\monado\monado\tests\tests_uv_to_tangent.cpp(38)
...............................................................................

C:\Users\Administrator\runner\builds\monado\monado\tests\tests_uv_to_tangent.cpp(41): PASSED:
  REQUIRE_THAT( tan((3.14159265358979323846 / 4)), Catch::WithinAbs(1.0, (0.000001)) )
with expansion:
  1.0 is within 0.000001 of 1.0

-------------------------------------------------------------------------------
render_calc_uv_to_tangent_lengths_rect
  45_degrees
  flipped_horizontal
-------------------------------------------------------------------------------
C:\Users\Administrator\runner\builds\monado\monado\tests\tests_uv_to_tangent.cpp(78)
...............................................................................

C:\Users\Administrator\runner\builds\monado\monado\tests\tests_uv_to_tangent.cpp(29): PASSED:
  REQUIRE_THAT( result.x, Catch::WithinAbs(truth.x, (0.000001)) )
with expansion:
  1.0f is within 0.000001 of 1.0
with messages:
  f45.angle_up := 0.7854f
  f45.angle_down := -0.7854f
  f45.angle_left := 0.7854f
  f45.angle_right := -0.7854f

C:\Users\Administrator\runner\builds\monado\monado\tests\tests_uv_to_tangent.cpp(30): PASSED:
  REQUIRE_THAT( result.y, Catch::WithinAbs(truth.y, (0.000001)) )
with expansion:
  -1.0f is within 0.000001 of -1.0
with messages:
  f45.angle_up := 0.7854f
  f45.angle_down := -0.7854f
  f45.angle_left := 0.7854f
  f45.angle_right := -0.7854f

C:\Users\Administrator\runner\builds\monado\monado\tests\tests_uv_to_tangent.cpp(31): PASSED:
  REQUIRE_THAT( result.w, Catch::WithinAbs(truth.w, (0.000001)) )
with expansion:
  -2.0f is within 0.000001 of -2.0
with messages:
  f45.angle_up := 0.7854f
  f45.angle_down := -0.7854f
  f45.angle_left := 0.7854f
  f45.angle_right := -0.7854f

C:\Users\Administrator\runner\builds\monado\monado\tests\tests_uv_to_tangent.cpp(32): PASSED:
  REQUIRE_THAT( result.h, Catch::WithinAbs(truth.h, (0.000001)) )
with expansion:
  2.0f is within 0.000001 of 2.0
with messages:
  f45.angle_up := 0.7854f
  f45.angle_down := -0.7854f
  f45.angle_left := 0.7854f
  f45.angle_right := -0.7854f

-------------------------------------------------------------------------------
render_calc_uv_to_tangent_lengths_rect
-------------------------------------------------------------------------------
C:\Users\Administrator\runner\builds\monado\monado\tests\tests_uv_to_tangent.cpp(38)
...............................................................................

C:\Users\Administrator\runner\builds\monado\monado\tests\tests_uv_to_tangent.cpp(41): PASSED:
  REQUIRE_THAT( tan((3.14159265358979323846 / 4)), Catch::WithinAbs(1.0, (0.000001)) )
with expansion:
  1.0 is within 0.000001 of 1.0

-------------------------------------------------------------------------------
render_calc_uv_to_tangent_lengths_rect
  30_degrees
-------------------------------------------------------------------------------
C:\Users\Administrator\runner\builds\monado\monado\tests\tests_uv_to_tangent.cpp(93)
...............................................................................

C:\Users\Administrator\runner\builds\monado\monado\tests\tests_uv_to_tangent.cpp(29): PASSED:
  REQUIRE_THAT( result.x, Catch::WithinAbs(truth.x, (0.000001)) )
with expansion:
  -0.57735f is within 0.000001 of -0.5773502588
with messages:
  f30.angle_up := 0.5236f
  f30.angle_down := -0.5236f
  f30.angle_left := -0.5236f
  f30.angle_right := 0.5236f

C:\Users\Administrator\runner\builds\monado\monado\tests\tests_uv_to_tangent.cpp(30): PASSED:
  REQUIRE_THAT( result.y, Catch::WithinAbs(truth.y, (0.000001)) )
with expansion:
  -0.57735f is within 0.000001 of -0.5773502588
with messages:
  f30.angle_up := 0.5236f
  f30.angle_down := -0.5236f
  f30.angle_left := -0.5236f
  f30.angle_right := 0.5236f

C:\Users\Administrator\runner\builds\monado\monado\tests\tests_uv_to_tangent.cpp(31): PASSED:
  REQUIRE_THAT( result.w, Catch::WithinAbs(truth.w, (0.000001)) )
with expansion:
  1.1547f is within 0.000001 of 1.1547005177
with messages:
  f30.angle_up := 0.5236f
  f30.angle_down := -0.5236f
  f30.angle_left := -0.5236f
  f30.angle_right := 0.5236f

C:\Users\Administrator\runner\builds\monado\monado\tests\tests_uv_to_tangent.cpp(32): PASSED:
  REQUIRE_THAT( result.h, Catch::WithinAbs(truth.h, (0.000001)) )
with expansion:
  1.1547f is within 0.000001 of 1.1547005177
with messages:
  f30.angle_up := 0.5236f
  f30.angle_down := -0.5236f
  f30.angle_left := -0.5236f
  f30.angle_right := 0.5236f

===============================================================================
All tests passed (20 assertions in 1 test case)

<end of output>
Test time =   0.03 sec
----------------------------------------------------------
Test Passed.
"tests_uv_to_tangent" end time: Apr 09 11:37 Coordinated Universal Time
"tests_uv_to_tangent" time elapsed: 00:00:00
----------------------------------------------------------

End testing: Apr 09 11:37 Coordinated Universal Time
